{
  "stats": {
    "suites": 5,
    "tests": 9,
    "passes": 8,
    "pending": 0,
    "failures": 1,
    "start": "2025-09-08T21:15:01.387Z",
    "end": "2025-09-08T21:15:05.535Z",
    "duration": 4148,
    "testsRegistered": 9,
    "passPercent": 88.88888888888889,
    "pendingPercent": 0,
    "other": 0,
    "hasOther": false,
    "skipped": 0,
    "hasSkipped": false
  },
  "results": [
    {
      "uuid": "2d00f086-1290-4d75-98bc-b33cfb9e6597",
      "title": "",
      "fullFile": "",
      "file": "",
      "beforeHooks": [],
      "afterHooks": [],
      "tests": [],
      "suites": [
        {
          "uuid": "694d6307-b75d-4d5d-a7de-04bff6a8c543",
          "title": "Build tests",
          "fullFile": "D:\\szubair\\BitBucket_Projects\\MOCHA_REST_API_TESTING\\tests\\build\\build_test.test.ts",
          "file": "\\tests\\build\\build_test.test.ts",
          "beforeHooks": [],
          "afterHooks": [],
          "tests": [
            {
              "title": "Validate GET request working fine @build",
              "fullTitle": "Build tests Validate GET request working fine @build",
              "timedOut": false,
              "duration": 913,
              "state": "passed",
              "speed": "slow",
              "pass": true,
              "fail": false,
              "pending": false,
              "context": "{\n  \"title\": \"2025-09-08 15:15:01.391  ==>>  Endpoint: https://api.restful-api.dev/objects\",\n  \"value\": \"Headers: undefined\\n\\nRequest body: undefined\\n\\nResponse: [\\n  {\\n    \\\"id\\\": \\\"1\\\",\\n    \\\"name\\\": \\\"Google Pixel 6 Pro\\\",\\n    \\\"data\\\": {\\n      \\\"color\\\": \\\"Cloudy White\\\",\\n      \\\"capacity\\\": \\\"128 GB\\\"\\n    }\\n  },\\n  {\\n    \\\"id\\\": \\\"2\\\",\\n    \\\"name\\\": \\\"Apple iPhone 12 Mini, 256GB, Blue\\\",\\n    \\\"data\\\": null\\n  },\\n  {\\n    \\\"id\\\": \\\"3\\\",\\n    \\\"name\\\": \\\"Apple iPhone 12 Pro Max\\\",\\n    \\\"data\\\": {\\n      \\\"color\\\": \\\"Cloudy White\\\",\\n      \\\"capacity GB\\\": 512\\n    }\\n  },\\n  {\\n    \\\"id\\\": \\\"4\\\",\\n    \\\"name\\\": \\\"Apple iPhone 11, 64GB\\\",\\n    \\\"data\\\": {\\n      \\\"price\\\": 389.99,\\n      \\\"color\\\": \\\"Purple\\\"\\n    }\\n  },\\n  {\\n    \\\"id\\\": \\\"5\\\",\\n    \\\"name\\\": \\\"Samsung Galaxy Z Fold2\\\",\\n    \\\"data\\\": {\\n      \\\"price\\\": 689.99,\\n      \\\"color\\\": \\\"Brown\\\"\\n    }\\n  },\\n  {\\n    \\\"id\\\": \\\"6\\\",\\n    \\\"name\\\": \\\"Apple AirPods\\\",\\n    \\\"data\\\": {\\n      \\\"generation\\\": \\\"3rd\\\",\\n      \\\"price\\\": 120\\n    }\\n  },\\n  {\\n    \\\"id\\\": \\\"7\\\",\\n    \\\"name\\\": \\\"Apple MacBook Pro 16\\\",\\n    \\\"data\\\": {\\n      \\\"year\\\": 2019,\\n      \\\"price\\\": 1849.99,\\n      \\\"CPU model\\\": \\\"Intel Core i9\\\",\\n      \\\"Hard disk size\\\": \\\"1 TB\\\"\\n    }\\n  },\\n  {\\n    \\\"id\\\": \\\"8\\\",\\n    \\\"name\\\": \\\"Apple Watch Series 8\\\",\\n    \\\"data\\\": {\\n      \\\"Strap Colour\\\": \\\"Elderberry\\\",\\n      \\\"Case Size\\\": \\\"41mm\\\"\\n    }\\n  },\\n  {\\n    \\\"id\\\": \\\"9\\\",\\n    \\\"name\\\": \\\"Beats Studio3 Wireless\\\",\\n    \\\"data\\\": {\\n      \\\"Color\\\": \\\"Red\\\",\\n      \\\"Description\\\": \\\"High-performance wireless noise cancelling headphones\\\"\\n    }\\n  },\\n  {\\n    \\\"id\\\": \\\"10\\\",\\n    \\\"name\\\": \\\"Apple iPad Mini 5th Gen\\\",\\n    \\\"data\\\": {\\n      \\\"Capacity\\\": \\\"64 GB\\\",\\n      \\\"Screen size\\\": 7.9\\n    }\\n  },\\n  {\\n    \\\"id\\\": \\\"11\\\",\\n    \\\"name\\\": \\\"Apple iPad Mini 5th Gen\\\",\\n    \\\"data\\\": {\\n      \\\"Capacity\\\": \\\"254 GB\\\",\\n      \\\"Screen size\\\": 7.9\\n    }\\n  },\\n  {\\n    \\\"id\\\": \\\"12\\\",\\n    \\\"name\\\": \\\"Apple iPad Air\\\",\\n    \\\"data\\\": {\\n      \\\"Generation\\\": \\\"4th\\\",\\n      \\\"Price\\\": \\\"419.99\\\",\\n      \\\"Capacity\\\": \\\"64 GB\\\"\\n    }\\n  },\\n  {\\n    \\\"id\\\": \\\"13\\\",\\n    \\\"name\\\": \\\"Apple iPad Air\\\",\\n    \\\"data\\\": {\\n      \\\"Generation\\\": \\\"4th\\\",\\n      \\\"Price\\\": \\\"519.99\\\",\\n      \\\"Capacity\\\": \\\"256 GB\\\"\\n    }\\n  }\\n] \\n\\nResponse Time: 898 milliseconds\"\n}",
              "code": "var context = this;\n    try {\n      var promise = fn.call(context);\n      if (promise != null && promise.then != null && promise.catch != null) {\n        return promise.catch(function(err) {\n          markRemainingTestsAndSubSuitesAsPending(context.test);\n          throw err;\n        });\n      } else {\n        return promise;\n      }\n    } catch (ex) {\n      markRemainingTestsAndSubSuitesAsPending(context.test);\n      throw ex;\n    }",
              "err": {},
              "uuid": "cbfbcf4b-45d0-4537-961b-daf6b7b42d27",
              "parentUUID": "694d6307-b75d-4d5d-a7de-04bff6a8c543",
              "isHook": false,
              "skipped": false
            },
            {
              "title": "Validate POST request working fine @build",
              "fullTitle": "Build tests Validate POST request working fine @build",
              "timedOut": false,
              "duration": 465,
              "state": "passed",
              "speed": "slow",
              "pass": true,
              "fail": false,
              "pending": false,
              "context": "{\n  \"title\": \"2025-09-08 15:15:02.306  ==>>  Endpoint: https://api.restful-api.dev/objects\",\n  \"value\": \"Headers: undefined\\n\\nRequest body: {\\n  \\\"name\\\": \\\"Apple MacBook Pro 16\\\",\\n  \\\"data\\\": {\\n    \\\"year\\\": 2019,\\n    \\\"price\\\": 1849.99,\\n    \\\"CPU model\\\": \\\"Intel Core i9\\\",\\n    \\\"Hard disk size\\\": \\\"1 TB\\\"\\n  }\\n}\\n\\nResponse: {\\n  \\\"id\\\": \\\"ff8081819782e69e01992b2ea62f1c70\\\",\\n  \\\"name\\\": \\\"Apple MacBook Pro 16\\\",\\n  \\\"createdAt\\\": \\\"2025-09-08T21:15:01.551+00:00\\\",\\n  \\\"data\\\": {\\n    \\\"year\\\": 2019,\\n    \\\"price\\\": 1849.99,\\n    \\\"CPU model\\\": \\\"Intel Core i9\\\",\\n    \\\"Hard disk size\\\": \\\"1 TB\\\"\\n  }\\n} \\n\\nResponse Time: 461 milliseconds\"\n}",
              "code": "var context = this;\n    try {\n      var promise = fn.call(context);\n      if (promise != null && promise.then != null && promise.catch != null) {\n        return promise.catch(function(err) {\n          markRemainingTestsAndSubSuitesAsPending(context.test);\n          throw err;\n        });\n      } else {\n        return promise;\n      }\n    } catch (ex) {\n      markRemainingTestsAndSubSuitesAsPending(context.test);\n      throw ex;\n    }",
              "err": {},
              "uuid": "312ed32c-b136-4086-9c80-1ece36d37140",
              "parentUUID": "694d6307-b75d-4d5d-a7de-04bff6a8c543",
              "isHook": false,
              "skipped": false
            }
          ],
          "suites": [],
          "passes": [
            "cbfbcf4b-45d0-4537-961b-daf6b7b42d27",
            "312ed32c-b136-4086-9c80-1ece36d37140"
          ],
          "failures": [],
          "pending": [],
          "skipped": [],
          "duration": 1378,
          "root": false,
          "rootEmpty": false,
          "_timeout": 10000
        },
        {
          "uuid": "2acdebbe-69d0-4a7b-86fe-5d1e20b7ff56",
          "title": "@addition GET API REQUEST",
          "fullFile": "D:\\szubair\\BitBucket_Projects\\MOCHA_REST_API_TESTING\\tests\\regression\\get_request.test.ts",
          "file": "\\tests\\regression\\get_request.test.ts",
          "beforeHooks": [],
          "afterHooks": [],
          "tests": [
            {
              "title": "Get the user based on id @getRequests",
              "fullTitle": "@addition GET API REQUEST Get the user based on id @getRequests",
              "timedOut": false,
              "duration": 344,
              "state": "passed",
              "speed": "slow",
              "pass": true,
              "fail": false,
              "pending": false,
              "context": "[\n  {\n    \"title\": \"2025-09-08 15:15:02.773  ==>>  Endpoint: https://api.restful-api.dev/objects/7\",\n    \"value\": \"Headers: undefined\\n\\nRequest body: undefined\\n\\nResponse: {\\n  \\\"id\\\": \\\"7\\\",\\n  \\\"name\\\": \\\"Apple MacBook Pro 16\\\",\\n  \\\"data\\\": {\\n    \\\"year\\\": 2019,\\n    \\\"price\\\": 1849.99,\\n    \\\"CPU model\\\": \\\"Intel Core i9\\\",\\n    \\\"Hard disk size\\\": \\\"1 TB\\\"\\n  }\\n} \\n\\nResponse Time: 336 milliseconds\"\n  },\n  {\n    \"title\": \"GET API Comparison\",\n    \"value\": \"┌────────────────┬──────────────────────┬──────────────────────┐\\n│ Parameter      │ Actual               │ Expected             │\\n├────────────────┼──────────────────────┼──────────────────────┤\\n│ id             │ 7                    │ 7                    │\\n├────────────────┼──────────────────────┼──────────────────────┤\\n│ year           │ Apple MacBook Pro 16 │ Apple MacBook Pro 16 │\\n├────────────────┼──────────────────────┼──────────────────────┤\\n│ price          │ 1849.99              │ 1849.99              │\\n├────────────────┼──────────────────────┼──────────────────────┤\\n│ CPU model      │ Intel Core i9        │ Intel Core i9        │\\n├────────────────┼──────────────────────┼──────────────────────┤\\n│ Hard disk size │ 1 TB                 │ 1 TB                 │\\n└────────────────┴──────────────────────┴──────────────────────┘\"\n  }\n]",
              "code": "var context = this;\n    try {\n      var promise = fn.call(context);\n      if (promise != null && promise.then != null && promise.catch != null) {\n        return promise.catch(function(err) {\n          markRemainingTestsAndSubSuitesAsPending(context.test);\n          throw err;\n        });\n      } else {\n        return promise;\n      }\n    } catch (ex) {\n      markRemainingTestsAndSubSuitesAsPending(context.test);\n      throw ex;\n    }",
              "err": {},
              "uuid": "4c1ba196-0a37-4c09-ba72-19da655f6b3a",
              "parentUUID": "2acdebbe-69d0-4a7b-86fe-5d1e20b7ff56",
              "isHook": false,
              "skipped": false
            },
            {
              "title": "Single user not found @getRequests",
              "fullTitle": "@addition GET API REQUEST Single user not found @getRequests",
              "timedOut": false,
              "duration": 364,
              "state": "passed",
              "speed": "slow",
              "pass": true,
              "fail": false,
              "pending": false,
              "context": "{\n  \"title\": \"2025-09-08 15:15:03.117  ==>>  Endpoint: https://api.restful-api.dev/objects/23\",\n  \"value\": \"Headers: undefined\\n\\nRequest body: undefined\\n\\nResponse: {\\n  \\\"error\\\": \\\"Oject with id=23 was not found.\\\"\\n} \\n\\nResponse Time: 360 milliseconds\"\n}",
              "code": "var context = this;\n    try {\n      var promise = fn.call(context);\n      if (promise != null && promise.then != null && promise.catch != null) {\n        return promise.catch(function(err) {\n          markRemainingTestsAndSubSuitesAsPending(context.test);\n          throw err;\n        });\n      } else {\n        return promise;\n      }\n    } catch (ex) {\n      markRemainingTestsAndSubSuitesAsPending(context.test);\n      throw ex;\n    }",
              "err": {},
              "uuid": "e31627cb-6008-4585-8336-7e2feca329be",
              "parentUUID": "2acdebbe-69d0-4a7b-86fe-5d1e20b7ff56",
              "isHook": false,
              "skipped": false
            },
            {
              "title": "Test to show how to find a json object based on key @getRequests",
              "fullTitle": "@addition GET API REQUEST Test to show how to find a json object based on key @getRequests",
              "timedOut": false,
              "duration": 408,
              "state": "passed",
              "speed": "slow",
              "pass": true,
              "fail": false,
              "pending": false,
              "context": "[\n  {\n    \"title\": \"2025-09-08 15:15:03.483  ==>>  Endpoint: https://api.restful-api.dev/objects\",\n    \"value\": \"Headers: undefined\\n\\nRequest body: undefined\\n\\nResponse: [\\n  {\\n    \\\"id\\\": \\\"1\\\",\\n    \\\"name\\\": \\\"Google Pixel 6 Pro\\\",\\n    \\\"data\\\": {\\n      \\\"color\\\": \\\"Cloudy White\\\",\\n      \\\"capacity\\\": \\\"128 GB\\\"\\n    }\\n  },\\n  {\\n    \\\"id\\\": \\\"2\\\",\\n    \\\"name\\\": \\\"Apple iPhone 12 Mini, 256GB, Blue\\\",\\n    \\\"data\\\": null\\n  },\\n  {\\n    \\\"id\\\": \\\"3\\\",\\n    \\\"name\\\": \\\"Apple iPhone 12 Pro Max\\\",\\n    \\\"data\\\": {\\n      \\\"color\\\": \\\"Cloudy White\\\",\\n      \\\"capacity GB\\\": 512\\n    }\\n  },\\n  {\\n    \\\"id\\\": \\\"4\\\",\\n    \\\"name\\\": \\\"Apple iPhone 11, 64GB\\\",\\n    \\\"data\\\": {\\n      \\\"price\\\": 389.99,\\n      \\\"color\\\": \\\"Purple\\\"\\n    }\\n  },\\n  {\\n    \\\"id\\\": \\\"5\\\",\\n    \\\"name\\\": \\\"Samsung Galaxy Z Fold2\\\",\\n    \\\"data\\\": {\\n      \\\"price\\\": 689.99,\\n      \\\"color\\\": \\\"Brown\\\"\\n    }\\n  },\\n  {\\n    \\\"id\\\": \\\"6\\\",\\n    \\\"name\\\": \\\"Apple AirPods\\\",\\n    \\\"data\\\": {\\n      \\\"generation\\\": \\\"3rd\\\",\\n      \\\"price\\\": 120\\n    }\\n  },\\n  {\\n    \\\"id\\\": \\\"7\\\",\\n    \\\"name\\\": \\\"Apple MacBook Pro 16\\\",\\n    \\\"data\\\": {\\n      \\\"year\\\": 2019,\\n      \\\"price\\\": 1849.99,\\n      \\\"CPU model\\\": \\\"Intel Core i9\\\",\\n      \\\"Hard disk size\\\": \\\"1 TB\\\"\\n    }\\n  },\\n  {\\n    \\\"id\\\": \\\"8\\\",\\n    \\\"name\\\": \\\"Apple Watch Series 8\\\",\\n    \\\"data\\\": {\\n      \\\"Strap Colour\\\": \\\"Elderberry\\\",\\n      \\\"Case Size\\\": \\\"41mm\\\"\\n    }\\n  },\\n  {\\n    \\\"id\\\": \\\"9\\\",\\n    \\\"name\\\": \\\"Beats Studio3 Wireless\\\",\\n    \\\"data\\\": {\\n      \\\"Color\\\": \\\"Red\\\",\\n      \\\"Description\\\": \\\"High-performance wireless noise cancelling headphones\\\"\\n    }\\n  },\\n  {\\n    \\\"id\\\": \\\"10\\\",\\n    \\\"name\\\": \\\"Apple iPad Mini 5th Gen\\\",\\n    \\\"data\\\": {\\n      \\\"Capacity\\\": \\\"64 GB\\\",\\n      \\\"Screen size\\\": 7.9\\n    }\\n  },\\n  {\\n    \\\"id\\\": \\\"11\\\",\\n    \\\"name\\\": \\\"Apple iPad Mini 5th Gen\\\",\\n    \\\"data\\\": {\\n      \\\"Capacity\\\": \\\"254 GB\\\",\\n      \\\"Screen size\\\": 7.9\\n    }\\n  },\\n  {\\n    \\\"id\\\": \\\"12\\\",\\n    \\\"name\\\": \\\"Apple iPad Air\\\",\\n    \\\"data\\\": {\\n      \\\"Generation\\\": \\\"4th\\\",\\n      \\\"Price\\\": \\\"419.99\\\",\\n      \\\"Capacity\\\": \\\"64 GB\\\"\\n    }\\n  },\\n  {\\n    \\\"id\\\": \\\"13\\\",\\n    \\\"name\\\": \\\"Apple iPad Air\\\",\\n    \\\"data\\\": {\\n      \\\"Generation\\\": \\\"4th\\\",\\n      \\\"Price\\\": \\\"519.99\\\",\\n      \\\"Capacity\\\": \\\"256 GB\\\"\\n    }\\n  }\\n] \\n\\nResponse Time: 402 milliseconds\"\n  },\n  {\n    \"title\": \"GET API Comparison\",\n    \"value\": \"┌────────────┬───────────────────────┬───────────────────────┐\\n│ Parameters │ Actual                │ Expected              │\\n├────────────┼───────────────────────┼───────────────────────┤\\n│ name       │ Apple iPhone 11, 64GB │ Apple iPhone 11, 64GB │\\n├────────────┼───────────────────────┼───────────────────────┤\\n│ color      │ Purple                │ Purple                │\\n└────────────┴───────────────────────┴───────────────────────┘\"\n  }\n]",
              "code": "var context = this;\n    try {\n      var promise = fn.call(context);\n      if (promise != null && promise.then != null && promise.catch != null) {\n        return promise.catch(function(err) {\n          markRemainingTestsAndSubSuitesAsPending(context.test);\n          throw err;\n        });\n      } else {\n        return promise;\n      }\n    } catch (ex) {\n      markRemainingTestsAndSubSuitesAsPending(context.test);\n      throw ex;\n    }",
              "err": {},
              "uuid": "887f2701-9338-472a-a431-7626b35536eb",
              "parentUUID": "2acdebbe-69d0-4a7b-86fe-5d1e20b7ff56",
              "isHook": false,
              "skipped": false
            },
            {
              "title": "Test to show how to filter the array containing json objects @getRequests",
              "fullTitle": "@addition GET API REQUEST Test to show how to filter the array containing json objects @getRequests",
              "timedOut": false,
              "duration": 407,
              "state": "passed",
              "speed": "slow",
              "pass": true,
              "fail": false,
              "pending": false,
              "context": "[\n  {\n    \"title\": \"2025-09-08 15:15:03.892  ==>>  Endpoint: https://api.restful-api.dev/objects\",\n    \"value\": \"Headers: undefined\\n\\nRequest body: undefined\\n\\nResponse: [\\n  {\\n    \\\"id\\\": \\\"1\\\",\\n    \\\"name\\\": \\\"Google Pixel 6 Pro\\\",\\n    \\\"data\\\": {\\n      \\\"color\\\": \\\"Cloudy White\\\",\\n      \\\"capacity\\\": \\\"128 GB\\\"\\n    }\\n  },\\n  {\\n    \\\"id\\\": \\\"2\\\",\\n    \\\"name\\\": \\\"Apple iPhone 12 Mini, 256GB, Blue\\\",\\n    \\\"data\\\": null\\n  },\\n  {\\n    \\\"id\\\": \\\"3\\\",\\n    \\\"name\\\": \\\"Apple iPhone 12 Pro Max\\\",\\n    \\\"data\\\": {\\n      \\\"color\\\": \\\"Cloudy White\\\",\\n      \\\"capacity GB\\\": 512\\n    }\\n  },\\n  {\\n    \\\"id\\\": \\\"4\\\",\\n    \\\"name\\\": \\\"Apple iPhone 11, 64GB\\\",\\n    \\\"data\\\": {\\n      \\\"price\\\": 389.99,\\n      \\\"color\\\": \\\"Purple\\\"\\n    }\\n  },\\n  {\\n    \\\"id\\\": \\\"5\\\",\\n    \\\"name\\\": \\\"Samsung Galaxy Z Fold2\\\",\\n    \\\"data\\\": {\\n      \\\"price\\\": 689.99,\\n      \\\"color\\\": \\\"Brown\\\"\\n    }\\n  },\\n  {\\n    \\\"id\\\": \\\"6\\\",\\n    \\\"name\\\": \\\"Apple AirPods\\\",\\n    \\\"data\\\": {\\n      \\\"generation\\\": \\\"3rd\\\",\\n      \\\"price\\\": 120\\n    }\\n  },\\n  {\\n    \\\"id\\\": \\\"7\\\",\\n    \\\"name\\\": \\\"Apple MacBook Pro 16\\\",\\n    \\\"data\\\": {\\n      \\\"year\\\": 2019,\\n      \\\"price\\\": 1849.99,\\n      \\\"CPU model\\\": \\\"Intel Core i9\\\",\\n      \\\"Hard disk size\\\": \\\"1 TB\\\"\\n    }\\n  },\\n  {\\n    \\\"id\\\": \\\"8\\\",\\n    \\\"name\\\": \\\"Apple Watch Series 8\\\",\\n    \\\"data\\\": {\\n      \\\"Strap Colour\\\": \\\"Elderberry\\\",\\n      \\\"Case Size\\\": \\\"41mm\\\"\\n    }\\n  },\\n  {\\n    \\\"id\\\": \\\"9\\\",\\n    \\\"name\\\": \\\"Beats Studio3 Wireless\\\",\\n    \\\"data\\\": {\\n      \\\"Color\\\": \\\"Red\\\",\\n      \\\"Description\\\": \\\"High-performance wireless noise cancelling headphones\\\"\\n    }\\n  },\\n  {\\n    \\\"id\\\": \\\"10\\\",\\n    \\\"name\\\": \\\"Apple iPad Mini 5th Gen\\\",\\n    \\\"data\\\": {\\n      \\\"Capacity\\\": \\\"64 GB\\\",\\n      \\\"Screen size\\\": 7.9\\n    }\\n  },\\n  {\\n    \\\"id\\\": \\\"11\\\",\\n    \\\"name\\\": \\\"Apple iPad Mini 5th Gen\\\",\\n    \\\"data\\\": {\\n      \\\"Capacity\\\": \\\"254 GB\\\",\\n      \\\"Screen size\\\": 7.9\\n    }\\n  },\\n  {\\n    \\\"id\\\": \\\"12\\\",\\n    \\\"name\\\": \\\"Apple iPad Air\\\",\\n    \\\"data\\\": {\\n      \\\"Generation\\\": \\\"4th\\\",\\n      \\\"Price\\\": \\\"419.99\\\",\\n      \\\"Capacity\\\": \\\"64 GB\\\"\\n    }\\n  },\\n  {\\n    \\\"id\\\": \\\"13\\\",\\n    \\\"name\\\": \\\"Apple iPad Air\\\",\\n    \\\"data\\\": {\\n      \\\"Generation\\\": \\\"4th\\\",\\n      \\\"Price\\\": \\\"519.99\\\",\\n      \\\"Capacity\\\": \\\"256 GB\\\"\\n    }\\n  }\\n] \\n\\nResponse Time: 403 milliseconds\"\n  },\n  {\n    \"title\": \"GET API Comparison\",\n    \"value\": \"┌─────────────┬─────────────────────────┬─────────────────────────┐\\n│ Parameters  │ Actual                  │ Expected                │\\n├─────────────┼─────────────────────────┼─────────────────────────┤\\n│ name        │ Apple iPhone 12 Pro Max │ Apple iPhone 12 Pro Max │\\n├─────────────┼─────────────────────────┼─────────────────────────┤\\n│ capacity GB │ 512                     │ 512                     │\\n└─────────────┴─────────────────────────┴─────────────────────────┘\"\n  }\n]",
              "code": "var context = this;\n    try {\n      var promise = fn.call(context);\n      if (promise != null && promise.then != null && promise.catch != null) {\n        return promise.catch(function(err) {\n          markRemainingTestsAndSubSuitesAsPending(context.test);\n          throw err;\n        });\n      } else {\n        return promise;\n      }\n    } catch (ex) {\n      markRemainingTestsAndSubSuitesAsPending(context.test);\n      throw ex;\n    }",
              "err": {},
              "uuid": "4f5f3dfe-a5ec-43c7-aa3d-af1cf38c6d93",
              "parentUUID": "2acdebbe-69d0-4a7b-86fe-5d1e20b7ff56",
              "isHook": false,
              "skipped": false
            }
          ],
          "suites": [],
          "passes": [
            "4c1ba196-0a37-4c09-ba72-19da655f6b3a",
            "e31627cb-6008-4585-8336-7e2feca329be",
            "887f2701-9338-472a-a431-7626b35536eb",
            "4f5f3dfe-a5ec-43c7-aa3d-af1cf38c6d93"
          ],
          "failures": [],
          "pending": [],
          "skipped": [],
          "duration": 1523,
          "root": false,
          "rootEmpty": false,
          "_timeout": 10000
        },
        {
          "uuid": "322c1f9a-d0b2-4b82-8d3e-bbc9817501ee",
          "title": "POST API CALL",
          "fullFile": "D:\\szubair\\BitBucket_Projects\\MOCHA_REST_API_TESTING\\tests\\regression\\post_request.test.ts",
          "file": "\\tests\\regression\\post_request.test.ts",
          "beforeHooks": [],
          "afterHooks": [],
          "tests": [
            {
              "title": "Adding a user @postRequests",
              "fullTitle": "POST API CALL Adding a user @postRequests",
              "timedOut": false,
              "duration": 409,
              "state": "passed",
              "speed": "slow",
              "pass": true,
              "fail": false,
              "pending": false,
              "context": "{\n  \"title\": \"2025-09-08 15:15:04.302  ==>>  Endpoint: https://api.restful-api.dev/objects\",\n  \"value\": \"Headers: undefined\\n\\nRequest body: {\\n  \\\"name\\\": \\\"Apple MacBook Pro 16\\\",\\n  \\\"data\\\": {\\n    \\\"year\\\": 2019,\\n    \\\"price\\\": 1849.99,\\n    \\\"CPU model\\\": \\\"Intel Core i9\\\",\\n    \\\"Hard disk size\\\": \\\"1 TB\\\"\\n  }\\n}\\n\\nResponse: {\\n  \\\"id\\\": \\\"ff8081819782e69e01992b2eade71c71\\\",\\n  \\\"name\\\": \\\"Apple MacBook Pro 16\\\",\\n  \\\"createdAt\\\": \\\"2025-09-08T21:15:03.527+00:00\\\",\\n  \\\"data\\\": {\\n    \\\"year\\\": 2019,\\n    \\\"price\\\": 1849.99,\\n    \\\"CPU model\\\": \\\"Intel Core i9\\\",\\n    \\\"Hard disk size\\\": \\\"1 TB\\\"\\n  }\\n} \\n\\nResponse Time: 405 milliseconds\"\n}",
              "code": "var context = this;\n    try {\n      var promise = fn.call(context);\n      if (promise != null && promise.then != null && promise.catch != null) {\n        return promise.catch(function(err) {\n          markRemainingTestsAndSubSuitesAsPending(context.test);\n          throw err;\n        });\n      } else {\n        return promise;\n      }\n    } catch (ex) {\n      markRemainingTestsAndSubSuitesAsPending(context.test);\n      throw ex;\n    }",
              "err": {},
              "uuid": "abcf4727-c2a0-4c9c-97f3-88cdc56ae417",
              "parentUUID": "322c1f9a-d0b2-4b82-8d3e-bbc9817501ee",
              "isHook": false,
              "skipped": false
            }
          ],
          "suites": [],
          "passes": [
            "abcf4727-c2a0-4c9c-97f3-88cdc56ae417"
          ],
          "failures": [],
          "pending": [],
          "skipped": [],
          "duration": 409,
          "root": false,
          "rootEmpty": false,
          "_timeout": 10000
        },
        {
          "uuid": "0d718dc6-452a-4e8b-a0ee-05af22472342",
          "title": "PUT API CALL",
          "fullFile": "D:\\szubair\\BitBucket_Projects\\MOCHA_REST_API_TESTING\\tests\\regression\\put_request.test.ts",
          "file": "\\tests\\regression\\put_request.test.ts",
          "beforeHooks": [],
          "afterHooks": [],
          "tests": [
            {
              "title": "Update a user @putRequests",
              "fullTitle": "PUT API CALL Update a user @putRequests",
              "timedOut": false,
              "duration": 399,
              "state": "failed",
              "speed": null,
              "pass": false,
              "fail": true,
              "pending": false,
              "context": null,
              "code": "var context = this;\n    try {\n      var promise = fn.call(context);\n      if (promise != null && promise.then != null && promise.catch != null) {\n        return promise.catch(function(err) {\n          markRemainingTestsAndSubSuitesAsPending(context.test);\n          throw err;\n        });\n      } else {\n        return promise;\n      }\n    } catch (ex) {\n      markRemainingTestsAndSubSuitesAsPending(context.test);\n      throw ex;\n    }",
              "err": {
                "message": "Error: HTTP error! Status: 405",
                "estack": "Error: HTTP error! Status: 405\n    at putApi (src\\helpers\\rest_api_helpers.ts:149:11)\n    at processTicksAndRejections (node:internal/process/task_queues:105:5)\n    at async Context.<anonymous> (tests\\regression\\put_request.test.ts:24:22)",
                "diff": null
              },
              "uuid": "5d282779-241b-4226-b1a3-612bbc3f118e",
              "parentUUID": "0d718dc6-452a-4e8b-a0ee-05af22472342",
              "isHook": false,
              "skipped": false
            }
          ],
          "suites": [],
          "passes": [],
          "failures": [
            "5d282779-241b-4226-b1a3-612bbc3f118e"
          ],
          "pending": [],
          "skipped": [],
          "duration": 399,
          "root": false,
          "rootEmpty": false,
          "_timeout": 10000
        },
        {
          "uuid": "61bac782-dace-468a-bd7c-658beb505fd4",
          "title": "Smoke tests",
          "fullFile": "D:\\szubair\\BitBucket_Projects\\MOCHA_REST_API_TESTING\\tests\\smoke\\smoke_tests.test.ts",
          "file": "\\tests\\smoke\\smoke_tests.test.ts",
          "beforeHooks": [],
          "afterHooks": [],
          "tests": [
            {
              "title": "Single user not found @smoke",
              "fullTitle": "Smoke tests Single user not found @smoke",
              "timedOut": false,
              "duration": 407,
              "state": "passed",
              "speed": "slow",
              "pass": true,
              "fail": false,
              "pending": false,
              "context": "{\n  \"title\": \"2025-09-08 15:15:05.125  ==>>  Endpoint: https://api.restful-api.dev/objects/23\",\n  \"value\": \"Headers: undefined\\n\\nRequest body: undefined\\n\\nResponse: {\\n  \\\"error\\\": \\\"Oject with id=23 was not found.\\\"\\n} \\n\\nResponse Time: 402 milliseconds\"\n}",
              "code": "var context = this;\n    try {\n      var promise = fn.call(context);\n      if (promise != null && promise.then != null && promise.catch != null) {\n        return promise.catch(function(err) {\n          markRemainingTestsAndSubSuitesAsPending(context.test);\n          throw err;\n        });\n      } else {\n        return promise;\n      }\n    } catch (ex) {\n      markRemainingTestsAndSubSuitesAsPending(context.test);\n      throw ex;\n    }",
              "err": {},
              "uuid": "f40c7978-1735-497a-b04e-4d3475a69ba6",
              "parentUUID": "61bac782-dace-468a-bd7c-658beb505fd4",
              "isHook": false,
              "skipped": false
            }
          ],
          "suites": [],
          "passes": [
            "f40c7978-1735-497a-b04e-4d3475a69ba6"
          ],
          "failures": [],
          "pending": [],
          "skipped": [],
          "duration": 407,
          "root": false,
          "rootEmpty": false,
          "_timeout": 10000
        }
      ],
      "passes": [],
      "failures": [],
      "pending": [],
      "skipped": [],
      "duration": 0,
      "root": true,
      "rootEmpty": true,
      "_timeout": 10000
    }
  ],
  "meta": {
    "mocha": {
      "version": "11.7.2"
    },
    "mochawesome": {
      "options": {
        "quiet": false,
        "reportFilename": "mochawesome",
        "saveHtml": true,
        "saveJson": true,
        "consoleReporter": "spec",
        "useInlineDiffs": false,
        "code": true
      },
      "version": "7.1.3"
    },
    "marge": {
      "options": null,
      "version": "6.2.0"
    }
  }
}