{
  "stats": {
    "suites": 2,
    "tests": 4,
    "passes": 4,
    "pending": 0,
    "failures": 0,
    "start": "2025-02-12T01:29:14.151Z",
    "end": "2025-02-12T01:29:15.353Z",
    "duration": 1202,
    "testsRegistered": 4,
    "passPercent": 100,
    "pendingPercent": 0,
    "other": 0,
    "hasOther": false,
    "skipped": 0,
    "hasSkipped": false
  },
  "results": [
    {
      "uuid": "1fb5ff3b-ba21-494e-9579-517f9aac2477",
      "title": "",
      "fullFile": "",
      "file": "",
      "beforeHooks": [],
      "afterHooks": [],
      "tests": [],
      "suites": [
        {
          "uuid": "f4d590e9-7c7c-44d5-aae1-88df432b9bae",
          "title": "GET API REQUEST",
          "fullFile": "D:\\szubair\\Projects\\Automation\\MOCHA_REST\\MOCHA_REST_API_TESTING\\test\\regression\\get_request.test.ts",
          "file": "\\test\\regression\\get_request.test.ts",
          "beforeHooks": [],
          "afterHooks": [],
          "tests": [
            {
              "title": "Get the list of all the users",
              "fullTitle": "GET API REQUEST Get the list of all the users",
              "timedOut": false,
              "duration": 378,
              "state": "passed",
              "speed": "slow",
              "pass": true,
              "fail": false,
              "pending": false,
              "context": "[\n  {\n    \"title\": \"2025-02-11 19:29:14.157  ==>>  Endpoint: https://reqres.in/api/users?page=2\",\n    \"value\": \"Headers: undefined\\n\\nRequest body: undefined\\n\\nResponse: {\\n  \\\"page\\\": 2,\\n  \\\"per_page\\\": 6,\\n  \\\"total\\\": 12,\\n  \\\"total_pages\\\": 2,\\n  \\\"data\\\": [\\n    {\\n      \\\"id\\\": 7,\\n      \\\"email\\\": \\\"michael.lawson@reqres.in\\\",\\n      \\\"first_name\\\": \\\"Michael\\\",\\n      \\\"last_name\\\": \\\"Lawson\\\",\\n      \\\"avatar\\\": \\\"https://reqres.in/img/faces/7-image.jpg\\\"\\n    },\\n    {\\n      \\\"id\\\": 8,\\n      \\\"email\\\": \\\"lindsay.ferguson@reqres.in\\\",\\n      \\\"first_name\\\": \\\"Lindsay\\\",\\n      \\\"last_name\\\": \\\"Ferguson\\\",\\n      \\\"avatar\\\": \\\"https://reqres.in/img/faces/8-image.jpg\\\"\\n    },\\n    {\\n      \\\"id\\\": 9,\\n      \\\"email\\\": \\\"tobias.funke@reqres.in\\\",\\n      \\\"first_name\\\": \\\"Tobias\\\",\\n      \\\"last_name\\\": \\\"Funke\\\",\\n      \\\"avatar\\\": \\\"https://reqres.in/img/faces/9-image.jpg\\\"\\n    },\\n    {\\n      \\\"id\\\": 10,\\n      \\\"email\\\": \\\"byron.fields@reqres.in\\\",\\n      \\\"first_name\\\": \\\"Byron\\\",\\n      \\\"last_name\\\": \\\"Fields\\\",\\n      \\\"avatar\\\": \\\"https://reqres.in/img/faces/10-image.jpg\\\"\\n    },\\n    {\\n      \\\"id\\\": 11,\\n      \\\"email\\\": \\\"george.edwards@reqres.in\\\",\\n      \\\"first_name\\\": \\\"George\\\",\\n      \\\"last_name\\\": \\\"Edwards\\\",\\n      \\\"avatar\\\": \\\"https://reqres.in/img/faces/11-image.jpg\\\"\\n    },\\n    {\\n      \\\"id\\\": 12,\\n      \\\"email\\\": \\\"rachel.howell@reqres.in\\\",\\n      \\\"first_name\\\": \\\"Rachel\\\",\\n      \\\"last_name\\\": \\\"Howell\\\",\\n      \\\"avatar\\\": \\\"https://reqres.in/img/faces/12-image.jpg\\\"\\n    }\\n  ],\\n  \\\"support\\\": {\\n    \\\"url\\\": \\\"https://contentcaddy.io?utm_source=reqres&utm_medium=json&utm_campaign=referral\\\",\\n    \\\"text\\\": \\\"Tired of writing endless social media content? Let Content Caddy generate it for you.\\\"\\n  }\\n} \\n\\nResponse Time: 360 milliseconds\"\n  },\n  {\n    \"title\": \"GET API Comparison\",\n    \"value\": \"┌────────────────────┬──────────┬────────────────────┐\\n│ Parameter          │ Actual   │ Expected           │\\n├────────────────────┼──────────┼────────────────────┤\\n│ page               │ 2        │ 2                  │\\n├────────────────────┼──────────┼────────────────────┤\\n│ per_page           │ 6        │ 6                  │\\n├────────────────────┼──────────┼────────────────────┤\\n│ total_pages        │ 2        │ 2                  │\\n├────────────────────┼──────────┼────────────────────┤\\n│ total              │ 12       │ 12                 │\\n└────────────────────┴──────────┴────────────────────┘\"\n  }\n]",
              "code": "var context = this;\n    try {\n      var promise = fn.call(context);\n      if (promise != null && promise.then != null && promise.catch != null) {\n        return promise.catch(function(err) {\n          markRemainingTestsAndSubSuitesAsPending(context.test);\n          throw err;\n        });\n      } else {\n        return promise;\n      }\n    } catch (ex) {\n      markRemainingTestsAndSubSuitesAsPending(context.test);\n      throw ex;\n    }",
              "err": {},
              "uuid": "2d4b778e-c8e5-4415-b7fc-8cf551ef7ab4",
              "parentUUID": "f4d590e9-7c7c-44d5-aae1-88df432b9bae",
              "isHook": false,
              "skipped": false
            },
            {
              "title": "Get a single user details",
              "fullTitle": "GET API REQUEST Get a single user details",
              "timedOut": false,
              "duration": 74,
              "state": "passed",
              "speed": "medium",
              "pass": true,
              "fail": false,
              "pending": false,
              "context": "[\n  {\n    \"title\": \"2025-02-11 19:29:14.538  ==>>  Endpoint: https://reqres.in/api/users/2\",\n    \"value\": \"Headers: undefined\\n\\nRequest body: undefined\\n\\nResponse: {\\n  \\\"data\\\": {\\n    \\\"id\\\": 2,\\n    \\\"email\\\": \\\"janet.weaver@reqres.in\\\",\\n    \\\"first_name\\\": \\\"Janet\\\",\\n    \\\"last_name\\\": \\\"Weaver\\\",\\n    \\\"avatar\\\": \\\"https://reqres.in/img/faces/2-image.jpg\\\"\\n  },\\n  \\\"support\\\": {\\n    \\\"url\\\": \\\"https://contentcaddy.io?utm_source=reqres&utm_medium=json&utm_campaign=referral\\\",\\n    \\\"text\\\": \\\"Tired of writing endless social media content? Let Content Caddy generate it for you.\\\"\\n  }\\n} \\n\\nResponse Time: 72 milliseconds\"\n  },\n  {\n    \"title\": \"GET API Comparison\",\n    \"value\": \"┌────────────────────┬──────────┬────────────────────┐\\n│ Parameters         │ Actual   │ Expected           │\\n├────────────────────┼──────────┼────────────────────┤\\n│ email              │ 2        │ 2                  │\\n├────────────────────┼──────────┼────────────────────┤\\n│ fisrt_name         │ Janet    │ Janet              │\\n├────────────────────┼──────────┼────────────────────┤\\n│ last_name          │ Weaver   │ Weaver             │\\n└────────────────────┴──────────┴────────────────────┘\"\n  }\n]",
              "code": "var context = this;\n    try {\n      var promise = fn.call(context);\n      if (promise != null && promise.then != null && promise.catch != null) {\n        return promise.catch(function(err) {\n          markRemainingTestsAndSubSuitesAsPending(context.test);\n          throw err;\n        });\n      } else {\n        return promise;\n      }\n    } catch (ex) {\n      markRemainingTestsAndSubSuitesAsPending(context.test);\n      throw ex;\n    }",
              "err": {},
              "uuid": "3651a004-f85d-47ab-ac6c-2cc445a5a621",
              "parentUUID": "f4d590e9-7c7c-44d5-aae1-88df432b9bae",
              "isHook": false,
              "skipped": false
            },
            {
              "title": "Single user not found",
              "fullTitle": "GET API REQUEST Single user not found",
              "timedOut": false,
              "duration": 369,
              "state": "passed",
              "speed": "slow",
              "pass": true,
              "fail": false,
              "pending": false,
              "context": "{\n  \"title\": \"2025-02-11 19:29:14.614  ==>>  Endpoint: https://reqres.in/api/users/23\",\n  \"value\": \"Headers: undefined\\n\\nRequest body: undefined\\n\\nResponse: {} \\n\\nResponse Time: 368 milliseconds\"\n}",
              "code": "var context = this;\n    try {\n      var promise = fn.call(context);\n      if (promise != null && promise.then != null && promise.catch != null) {\n        return promise.catch(function(err) {\n          markRemainingTestsAndSubSuitesAsPending(context.test);\n          throw err;\n        });\n      } else {\n        return promise;\n      }\n    } catch (ex) {\n      markRemainingTestsAndSubSuitesAsPending(context.test);\n      throw ex;\n    }",
              "err": {},
              "uuid": "1cc552ae-9721-4754-ba7f-d87112ce0575",
              "parentUUID": "f4d590e9-7c7c-44d5-aae1-88df432b9bae",
              "isHook": false,
              "skipped": false
            }
          ],
          "suites": [],
          "passes": [
            "2d4b778e-c8e5-4415-b7fc-8cf551ef7ab4",
            "3651a004-f85d-47ab-ac6c-2cc445a5a621",
            "1cc552ae-9721-4754-ba7f-d87112ce0575"
          ],
          "failures": [],
          "pending": [],
          "skipped": [],
          "duration": 821,
          "root": false,
          "rootEmpty": false,
          "_timeout": 2000
        },
        {
          "uuid": "4ad9d0c5-55a9-4581-b788-ba1b28b6be5d",
          "title": "POST API CALL",
          "fullFile": "D:\\szubair\\Projects\\Automation\\MOCHA_REST\\MOCHA_REST_API_TESTING\\test\\regression\\post_request.test.ts",
          "file": "\\test\\regression\\post_request.test.ts",
          "beforeHooks": [],
          "afterHooks": [],
          "tests": [
            {
              "title": "Create a user using POST request",
              "fullTitle": "POST API CALL Create a user using POST request",
              "timedOut": false,
              "duration": 364,
              "state": "passed",
              "speed": "slow",
              "pass": true,
              "fail": false,
              "pending": false,
              "context": "[\n  {\n    \"title\": \"2025-02-11 19:29:14.986  ==>>  Endpoint: https://reqres.in/api/users\",\n    \"value\": \"Headers: undefined\\n\\nRequest body: {\\n  \\\"name\\\": \\\"syed\\\",\\n  \\\"job\\\": \\\"lead\\\"\\n}\\n\\nResponse: {\\n  \\\"name\\\": \\\"syed\\\",\\n  \\\"job\\\": \\\"lead\\\",\\n  \\\"id\\\": \\\"575\\\",\\n  \\\"createdAt\\\": \\\"2025-02-12T01:29:14.824Z\\\"\\n} \\n\\nResponse Time: 363 milliseconds\"\n  },\n  {\n    \"title\": \"POST API Comparison\",\n    \"value\": \"┌────────────────────┬──────────┬────────────────────┐\\n│ Parameters         │ Actual   │ Expected           │\\n├────────────────────┼──────────┼────────────────────┤\\n│ name               │ syed     │ syed               │\\n├────────────────────┼──────────┼────────────────────┤\\n│ job                │ lead     │ lead               │\\n└────────────────────┴──────────┴────────────────────┘\"\n  }\n]",
              "code": "var context = this;\n    try {\n      var promise = fn.call(context);\n      if (promise != null && promise.then != null && promise.catch != null) {\n        return promise.catch(function(err) {\n          markRemainingTestsAndSubSuitesAsPending(context.test);\n          throw err;\n        });\n      } else {\n        return promise;\n      }\n    } catch (ex) {\n      markRemainingTestsAndSubSuitesAsPending(context.test);\n      throw ex;\n    }",
              "err": {},
              "uuid": "d35f5bed-429c-417f-8d61-c88b99600d3d",
              "parentUUID": "4ad9d0c5-55a9-4581-b788-ba1b28b6be5d",
              "isHook": false,
              "skipped": false
            }
          ],
          "suites": [],
          "passes": [
            "d35f5bed-429c-417f-8d61-c88b99600d3d"
          ],
          "failures": [],
          "pending": [],
          "skipped": [],
          "duration": 364,
          "root": false,
          "rootEmpty": false,
          "_timeout": 2000
        }
      ],
      "passes": [],
      "failures": [],
      "pending": [],
      "skipped": [],
      "duration": 0,
      "root": true,
      "rootEmpty": true,
      "_timeout": 2000
    }
  ],
  "meta": {
    "mocha": {
      "version": "11.1.0"
    },
    "mochawesome": {
      "options": {
        "quiet": false,
        "reportFilename": "mochawesome",
        "saveHtml": true,
        "saveJson": true,
        "consoleReporter": "spec",
        "useInlineDiffs": false,
        "code": true
      },
      "version": "7.1.3"
    },
    "marge": {
      "options": {
        "[object Object]": true
      },
      "version": "6.2.0"
    }
  }
}