{
  "stats": {
    "suites": 5,
    "tests": 9,
    "passes": 8,
    "pending": 0,
    "failures": 1,
    "start": "2025-09-06T21:40:43.060Z",
    "end": "2025-09-06T21:40:46.502Z",
    "duration": 3442,
    "testsRegistered": 9,
    "passPercent": 88.88888888888889,
    "pendingPercent": 0,
    "other": 0,
    "hasOther": false,
    "skipped": 0,
    "hasSkipped": false
  },
  "results": [
    {
      "uuid": "13b80a2e-9b00-4178-9165-aac7daf3cf4e",
      "title": "",
      "fullFile": "",
      "file": "",
      "beforeHooks": [],
      "afterHooks": [],
      "tests": [],
      "suites": [
        {
          "uuid": "3391da26-af22-4ec9-983f-651e7cdbcf49",
          "title": "Build tests",
          "fullFile": "D:\\szubair\\BitBucket_Projects\\MOCHA_REST_API_TESTING\\test\\build\\build_tests.test.ts",
          "file": "\\test\\build\\build_tests.test.ts",
          "beforeHooks": [],
          "afterHooks": [],
          "tests": [
            {
              "title": "Validate GET request working fine @build",
              "fullTitle": "Build tests Validate GET request working fine @build",
              "timedOut": false,
              "duration": 745,
              "state": "passed",
              "speed": "slow",
              "pass": true,
              "fail": false,
              "pending": false,
              "context": "{\n  \"title\": \"2025-09-06 15:40:43.063  ==>>  Endpoint: https://api.restful-api.dev/objects\",\n  \"value\": \"Headers: undefined\\n\\nRequest body: undefined\\n\\nResponse: [\\n  {\\n    \\\"id\\\": \\\"1\\\",\\n    \\\"name\\\": \\\"Google Pixel 6 Pro\\\",\\n    \\\"data\\\": {\\n      \\\"color\\\": \\\"Cloudy White\\\",\\n      \\\"capacity\\\": \\\"128 GB\\\"\\n    }\\n  },\\n  {\\n    \\\"id\\\": \\\"2\\\",\\n    \\\"name\\\": \\\"Apple iPhone 12 Mini, 256GB, Blue\\\",\\n    \\\"data\\\": null\\n  },\\n  {\\n    \\\"id\\\": \\\"3\\\",\\n    \\\"name\\\": \\\"Apple iPhone 12 Pro Max\\\",\\n    \\\"data\\\": {\\n      \\\"color\\\": \\\"Cloudy White\\\",\\n      \\\"capacity GB\\\": 512\\n    }\\n  },\\n  {\\n    \\\"id\\\": \\\"4\\\",\\n    \\\"name\\\": \\\"Apple iPhone 11, 64GB\\\",\\n    \\\"data\\\": {\\n      \\\"price\\\": 389.99,\\n      \\\"color\\\": \\\"Purple\\\"\\n    }\\n  },\\n  {\\n    \\\"id\\\": \\\"5\\\",\\n    \\\"name\\\": \\\"Samsung Galaxy Z Fold2\\\",\\n    \\\"data\\\": {\\n      \\\"price\\\": 689.99,\\n      \\\"color\\\": \\\"Brown\\\"\\n    }\\n  },\\n  {\\n    \\\"id\\\": \\\"6\\\",\\n    \\\"name\\\": \\\"Apple AirPods\\\",\\n    \\\"data\\\": {\\n      \\\"generation\\\": \\\"3rd\\\",\\n      \\\"price\\\": 120\\n    }\\n  },\\n  {\\n    \\\"id\\\": \\\"7\\\",\\n    \\\"name\\\": \\\"Apple MacBook Pro 16\\\",\\n    \\\"data\\\": {\\n      \\\"year\\\": 2019,\\n      \\\"price\\\": 1849.99,\\n      \\\"CPU model\\\": \\\"Intel Core i9\\\",\\n      \\\"Hard disk size\\\": \\\"1 TB\\\"\\n    }\\n  },\\n  {\\n    \\\"id\\\": \\\"8\\\",\\n    \\\"name\\\": \\\"Apple Watch Series 8\\\",\\n    \\\"data\\\": {\\n      \\\"Strap Colour\\\": \\\"Elderberry\\\",\\n      \\\"Case Size\\\": \\\"41mm\\\"\\n    }\\n  },\\n  {\\n    \\\"id\\\": \\\"9\\\",\\n    \\\"name\\\": \\\"Beats Studio3 Wireless\\\",\\n    \\\"data\\\": {\\n      \\\"Color\\\": \\\"Red\\\",\\n      \\\"Description\\\": \\\"High-performance wireless noise cancelling headphones\\\"\\n    }\\n  },\\n  {\\n    \\\"id\\\": \\\"10\\\",\\n    \\\"name\\\": \\\"Apple iPad Mini 5th Gen\\\",\\n    \\\"data\\\": {\\n      \\\"Capacity\\\": \\\"64 GB\\\",\\n      \\\"Screen size\\\": 7.9\\n    }\\n  },\\n  {\\n    \\\"id\\\": \\\"11\\\",\\n    \\\"name\\\": \\\"Apple iPad Mini 5th Gen\\\",\\n    \\\"data\\\": {\\n      \\\"Capacity\\\": \\\"254 GB\\\",\\n      \\\"Screen size\\\": 7.9\\n    }\\n  },\\n  {\\n    \\\"id\\\": \\\"12\\\",\\n    \\\"name\\\": \\\"Apple iPad Air\\\",\\n    \\\"data\\\": {\\n      \\\"Generation\\\": \\\"4th\\\",\\n      \\\"Price\\\": \\\"419.99\\\",\\n      \\\"Capacity\\\": \\\"64 GB\\\"\\n    }\\n  },\\n  {\\n    \\\"id\\\": \\\"13\\\",\\n    \\\"name\\\": \\\"Apple iPad Air\\\",\\n    \\\"data\\\": {\\n      \\\"Generation\\\": \\\"4th\\\",\\n      \\\"Price\\\": \\\"519.99\\\",\\n      \\\"Capacity\\\": \\\"256 GB\\\"\\n    }\\n  }\\n] \\n\\nResponse Time: 734 milliseconds\"\n}",
              "code": "var context = this;\n    try {\n      var promise = fn.call(context);\n      if (promise != null && promise.then != null && promise.catch != null) {\n        return promise.catch(function(err) {\n          markRemainingTestsAndSubSuitesAsPending(context.test);\n          throw err;\n        });\n      } else {\n        return promise;\n      }\n    } catch (ex) {\n      markRemainingTestsAndSubSuitesAsPending(context.test);\n      throw ex;\n    }",
              "err": {},
              "uuid": "0a712ad5-871d-41e1-8f2b-b02237752b94",
              "parentUUID": "3391da26-af22-4ec9-983f-651e7cdbcf49",
              "isHook": false,
              "skipped": false
            },
            {
              "title": "Validate POST request working fine @build",
              "fullTitle": "Build tests Validate POST request working fine @build",
              "timedOut": false,
              "duration": 340,
              "state": "passed",
              "speed": "slow",
              "pass": true,
              "fail": false,
              "pending": false,
              "context": "{\n  \"title\": \"2025-09-06 15:40:43.810  ==>>  Endpoint: https://api.restful-api.dev/objects\",\n  \"value\": \"Headers: undefined\\n\\nRequest body: {\\n  \\\"name\\\": \\\"Apple MacBook Pro 16\\\",\\n  \\\"data\\\": {\\n    \\\"year\\\": 2019,\\n    \\\"price\\\": 1849.99,\\n    \\\"CPU model\\\": \\\"Intel Core i9\\\",\\n    \\\"Hard disk size\\\": \\\"1 TB\\\"\\n  }\\n}\\n\\nResponse: {\\n  \\\"id\\\": \\\"ff8081819782e69e019920f9774f6132\\\",\\n  \\\"name\\\": \\\"Apple MacBook Pro 16\\\",\\n  \\\"createdAt\\\": \\\"2025-09-06T21:40:43.984+00:00\\\",\\n  \\\"data\\\": {\\n    \\\"year\\\": 2019,\\n    \\\"price\\\": 1849.99,\\n    \\\"CPU model\\\": \\\"Intel Core i9\\\",\\n    \\\"Hard disk size\\\": \\\"1 TB\\\"\\n  }\\n} \\n\\nResponse Time: 332 milliseconds\"\n}",
              "code": "var context = this;\n    try {\n      var promise = fn.call(context);\n      if (promise != null && promise.then != null && promise.catch != null) {\n        return promise.catch(function(err) {\n          markRemainingTestsAndSubSuitesAsPending(context.test);\n          throw err;\n        });\n      } else {\n        return promise;\n      }\n    } catch (ex) {\n      markRemainingTestsAndSubSuitesAsPending(context.test);\n      throw ex;\n    }",
              "err": {},
              "uuid": "79f810cd-737c-44e5-b984-dcda8ff9d565",
              "parentUUID": "3391da26-af22-4ec9-983f-651e7cdbcf49",
              "isHook": false,
              "skipped": false
            }
          ],
          "suites": [],
          "passes": [
            "0a712ad5-871d-41e1-8f2b-b02237752b94",
            "79f810cd-737c-44e5-b984-dcda8ff9d565"
          ],
          "failures": [],
          "pending": [],
          "skipped": [],
          "duration": 1085,
          "root": false,
          "rootEmpty": false,
          "_timeout": 2000
        },
        {
          "uuid": "a5fda220-3984-4156-917b-4701b4c581f9",
          "title": "@addition GET API REQUEST",
          "fullFile": "D:\\szubair\\BitBucket_Projects\\MOCHA_REST_API_TESTING\\test\\regression\\get_request.test.ts",
          "file": "\\test\\regression\\get_request.test.ts",
          "beforeHooks": [],
          "afterHooks": [],
          "tests": [
            {
              "title": "Get the user based on id @getRequests",
              "fullTitle": "@addition GET API REQUEST Get the user based on id @getRequests",
              "timedOut": false,
              "duration": 324,
              "state": "passed",
              "speed": "slow",
              "pass": true,
              "fail": false,
              "pending": false,
              "context": "[\n  {\n    \"title\": \"2025-09-06 15:40:44.154  ==>>  Endpoint: https://api.restful-api.dev/objects/7\",\n    \"value\": \"Headers: undefined\\n\\nRequest body: undefined\\n\\nResponse: {\\n  \\\"id\\\": \\\"7\\\",\\n  \\\"name\\\": \\\"Apple MacBook Pro 16\\\",\\n  \\\"data\\\": {\\n    \\\"year\\\": 2019,\\n    \\\"price\\\": 1849.99,\\n    \\\"CPU model\\\": \\\"Intel Core i9\\\",\\n    \\\"Hard disk size\\\": \\\"1 TB\\\"\\n  }\\n} \\n\\nResponse Time: 314 milliseconds\"\n  },\n  {\n    \"title\": \"GET API Comparison\",\n    \"value\": \"┌────────────────┬──────────────────────┬──────────────────────┐\\n│ Parameter      │ Actual               │ Expected             │\\n├────────────────┼──────────────────────┼──────────────────────┤\\n│ id             │ 7                    │ 7                    │\\n├────────────────┼──────────────────────┼──────────────────────┤\\n│ year           │ Apple MacBook Pro 16 │ Apple MacBook Pro 16 │\\n├────────────────┼──────────────────────┼──────────────────────┤\\n│ price          │ 1849.99              │ 1849.99              │\\n├────────────────┼──────────────────────┼──────────────────────┤\\n│ CPU model      │ Intel Core i9        │ Intel Core i9        │\\n├────────────────┼──────────────────────┼──────────────────────┤\\n│ Hard disk size │ 1 TB                 │ 1 TB                 │\\n└────────────────┴──────────────────────┴──────────────────────┘\"\n  }\n]",
              "code": "var context = this;\n    try {\n      var promise = fn.call(context);\n      if (promise != null && promise.then != null && promise.catch != null) {\n        return promise.catch(function(err) {\n          markRemainingTestsAndSubSuitesAsPending(context.test);\n          throw err;\n        });\n      } else {\n        return promise;\n      }\n    } catch (ex) {\n      markRemainingTestsAndSubSuitesAsPending(context.test);\n      throw ex;\n    }",
              "err": {},
              "uuid": "1fda0d61-235e-445d-80d1-a8fbffc582cf",
              "parentUUID": "a5fda220-3984-4156-917b-4701b4c581f9",
              "isHook": false,
              "skipped": false
            },
            {
              "title": "Single user not found @getRequests",
              "fullTitle": "@addition GET API REQUEST Single user not found @getRequests",
              "timedOut": false,
              "duration": 311,
              "state": "passed",
              "speed": "slow",
              "pass": true,
              "fail": false,
              "pending": false,
              "context": "{\n  \"title\": \"2025-09-06 15:40:44.478  ==>>  Endpoint: https://api.restful-api.dev/objects/23\",\n  \"value\": \"Headers: undefined\\n\\nRequest body: undefined\\n\\nResponse: {\\n  \\\"error\\\": \\\"Oject with id=23 was not found.\\\"\\n} \\n\\nResponse Time: 307 milliseconds\"\n}",
              "code": "var context = this;\n    try {\n      var promise = fn.call(context);\n      if (promise != null && promise.then != null && promise.catch != null) {\n        return promise.catch(function(err) {\n          markRemainingTestsAndSubSuitesAsPending(context.test);\n          throw err;\n        });\n      } else {\n        return promise;\n      }\n    } catch (ex) {\n      markRemainingTestsAndSubSuitesAsPending(context.test);\n      throw ex;\n    }",
              "err": {},
              "uuid": "b3ac6860-2d37-4207-bfca-de4c5430c408",
              "parentUUID": "a5fda220-3984-4156-917b-4701b4c581f9",
              "isHook": false,
              "skipped": false
            },
            {
              "title": "Test to show how to find a json object based on key @getRequests",
              "fullTitle": "@addition GET API REQUEST Test to show how to find a json object based on key @getRequests",
              "timedOut": false,
              "duration": 350,
              "state": "passed",
              "speed": "slow",
              "pass": true,
              "fail": false,
              "pending": false,
              "context": "[\n  {\n    \"title\": \"2025-09-06 15:40:44.791  ==>>  Endpoint: https://api.restful-api.dev/objects\",\n    \"value\": \"Headers: undefined\\n\\nRequest body: undefined\\n\\nResponse: [\\n  {\\n    \\\"id\\\": \\\"1\\\",\\n    \\\"name\\\": \\\"Google Pixel 6 Pro\\\",\\n    \\\"data\\\": {\\n      \\\"color\\\": \\\"Cloudy White\\\",\\n      \\\"capacity\\\": \\\"128 GB\\\"\\n    }\\n  },\\n  {\\n    \\\"id\\\": \\\"2\\\",\\n    \\\"name\\\": \\\"Apple iPhone 12 Mini, 256GB, Blue\\\",\\n    \\\"data\\\": null\\n  },\\n  {\\n    \\\"id\\\": \\\"3\\\",\\n    \\\"name\\\": \\\"Apple iPhone 12 Pro Max\\\",\\n    \\\"data\\\": {\\n      \\\"color\\\": \\\"Cloudy White\\\",\\n      \\\"capacity GB\\\": 512\\n    }\\n  },\\n  {\\n    \\\"id\\\": \\\"4\\\",\\n    \\\"name\\\": \\\"Apple iPhone 11, 64GB\\\",\\n    \\\"data\\\": {\\n      \\\"price\\\": 389.99,\\n      \\\"color\\\": \\\"Purple\\\"\\n    }\\n  },\\n  {\\n    \\\"id\\\": \\\"5\\\",\\n    \\\"name\\\": \\\"Samsung Galaxy Z Fold2\\\",\\n    \\\"data\\\": {\\n      \\\"price\\\": 689.99,\\n      \\\"color\\\": \\\"Brown\\\"\\n    }\\n  },\\n  {\\n    \\\"id\\\": \\\"6\\\",\\n    \\\"name\\\": \\\"Apple AirPods\\\",\\n    \\\"data\\\": {\\n      \\\"generation\\\": \\\"3rd\\\",\\n      \\\"price\\\": 120\\n    }\\n  },\\n  {\\n    \\\"id\\\": \\\"7\\\",\\n    \\\"name\\\": \\\"Apple MacBook Pro 16\\\",\\n    \\\"data\\\": {\\n      \\\"year\\\": 2019,\\n      \\\"price\\\": 1849.99,\\n      \\\"CPU model\\\": \\\"Intel Core i9\\\",\\n      \\\"Hard disk size\\\": \\\"1 TB\\\"\\n    }\\n  },\\n  {\\n    \\\"id\\\": \\\"8\\\",\\n    \\\"name\\\": \\\"Apple Watch Series 8\\\",\\n    \\\"data\\\": {\\n      \\\"Strap Colour\\\": \\\"Elderberry\\\",\\n      \\\"Case Size\\\": \\\"41mm\\\"\\n    }\\n  },\\n  {\\n    \\\"id\\\": \\\"9\\\",\\n    \\\"name\\\": \\\"Beats Studio3 Wireless\\\",\\n    \\\"data\\\": {\\n      \\\"Color\\\": \\\"Red\\\",\\n      \\\"Description\\\": \\\"High-performance wireless noise cancelling headphones\\\"\\n    }\\n  },\\n  {\\n    \\\"id\\\": \\\"10\\\",\\n    \\\"name\\\": \\\"Apple iPad Mini 5th Gen\\\",\\n    \\\"data\\\": {\\n      \\\"Capacity\\\": \\\"64 GB\\\",\\n      \\\"Screen size\\\": 7.9\\n    }\\n  },\\n  {\\n    \\\"id\\\": \\\"11\\\",\\n    \\\"name\\\": \\\"Apple iPad Mini 5th Gen\\\",\\n    \\\"data\\\": {\\n      \\\"Capacity\\\": \\\"254 GB\\\",\\n      \\\"Screen size\\\": 7.9\\n    }\\n  },\\n  {\\n    \\\"id\\\": \\\"12\\\",\\n    \\\"name\\\": \\\"Apple iPad Air\\\",\\n    \\\"data\\\": {\\n      \\\"Generation\\\": \\\"4th\\\",\\n      \\\"Price\\\": \\\"419.99\\\",\\n      \\\"Capacity\\\": \\\"64 GB\\\"\\n    }\\n  },\\n  {\\n    \\\"id\\\": \\\"13\\\",\\n    \\\"name\\\": \\\"Apple iPad Air\\\",\\n    \\\"data\\\": {\\n      \\\"Generation\\\": \\\"4th\\\",\\n      \\\"Price\\\": \\\"519.99\\\",\\n      \\\"Capacity\\\": \\\"256 GB\\\"\\n    }\\n  }\\n] \\n\\nResponse Time: 345 milliseconds\"\n  },\n  {\n    \"title\": \"GET API Comparison\",\n    \"value\": \"┌────────────┬───────────────────────┬───────────────────────┐\\n│ Parameters │ Actual                │ Expected              │\\n├────────────┼───────────────────────┼───────────────────────┤\\n│ name       │ Apple iPhone 11, 64GB │ Apple iPhone 11, 64GB │\\n├────────────┼───────────────────────┼───────────────────────┤\\n│ color      │ Purple                │ Purple                │\\n└────────────┴───────────────────────┴───────────────────────┘\"\n  }\n]",
              "code": "var context = this;\n    try {\n      var promise = fn.call(context);\n      if (promise != null && promise.then != null && promise.catch != null) {\n        return promise.catch(function(err) {\n          markRemainingTestsAndSubSuitesAsPending(context.test);\n          throw err;\n        });\n      } else {\n        return promise;\n      }\n    } catch (ex) {\n      markRemainingTestsAndSubSuitesAsPending(context.test);\n      throw ex;\n    }",
              "err": {},
              "uuid": "270e35d8-125c-4e38-a55b-a280b2f486ce",
              "parentUUID": "a5fda220-3984-4156-917b-4701b4c581f9",
              "isHook": false,
              "skipped": false
            },
            {
              "title": "Test to show how to filter the array containing json objects @getRequests",
              "fullTitle": "@addition GET API REQUEST Test to show how to filter the array containing json objects @getRequests",
              "timedOut": false,
              "duration": 350,
              "state": "passed",
              "speed": "slow",
              "pass": true,
              "fail": false,
              "pending": false,
              "context": "[\n  {\n    \"title\": \"2025-09-06 15:40:45.143  ==>>  Endpoint: https://api.restful-api.dev/objects\",\n    \"value\": \"Headers: undefined\\n\\nRequest body: undefined\\n\\nResponse: [\\n  {\\n    \\\"id\\\": \\\"1\\\",\\n    \\\"name\\\": \\\"Google Pixel 6 Pro\\\",\\n    \\\"data\\\": {\\n      \\\"color\\\": \\\"Cloudy White\\\",\\n      \\\"capacity\\\": \\\"128 GB\\\"\\n    }\\n  },\\n  {\\n    \\\"id\\\": \\\"2\\\",\\n    \\\"name\\\": \\\"Apple iPhone 12 Mini, 256GB, Blue\\\",\\n    \\\"data\\\": null\\n  },\\n  {\\n    \\\"id\\\": \\\"3\\\",\\n    \\\"name\\\": \\\"Apple iPhone 12 Pro Max\\\",\\n    \\\"data\\\": {\\n      \\\"color\\\": \\\"Cloudy White\\\",\\n      \\\"capacity GB\\\": 512\\n    }\\n  },\\n  {\\n    \\\"id\\\": \\\"4\\\",\\n    \\\"name\\\": \\\"Apple iPhone 11, 64GB\\\",\\n    \\\"data\\\": {\\n      \\\"price\\\": 389.99,\\n      \\\"color\\\": \\\"Purple\\\"\\n    }\\n  },\\n  {\\n    \\\"id\\\": \\\"5\\\",\\n    \\\"name\\\": \\\"Samsung Galaxy Z Fold2\\\",\\n    \\\"data\\\": {\\n      \\\"price\\\": 689.99,\\n      \\\"color\\\": \\\"Brown\\\"\\n    }\\n  },\\n  {\\n    \\\"id\\\": \\\"6\\\",\\n    \\\"name\\\": \\\"Apple AirPods\\\",\\n    \\\"data\\\": {\\n      \\\"generation\\\": \\\"3rd\\\",\\n      \\\"price\\\": 120\\n    }\\n  },\\n  {\\n    \\\"id\\\": \\\"7\\\",\\n    \\\"name\\\": \\\"Apple MacBook Pro 16\\\",\\n    \\\"data\\\": {\\n      \\\"year\\\": 2019,\\n      \\\"price\\\": 1849.99,\\n      \\\"CPU model\\\": \\\"Intel Core i9\\\",\\n      \\\"Hard disk size\\\": \\\"1 TB\\\"\\n    }\\n  },\\n  {\\n    \\\"id\\\": \\\"8\\\",\\n    \\\"name\\\": \\\"Apple Watch Series 8\\\",\\n    \\\"data\\\": {\\n      \\\"Strap Colour\\\": \\\"Elderberry\\\",\\n      \\\"Case Size\\\": \\\"41mm\\\"\\n    }\\n  },\\n  {\\n    \\\"id\\\": \\\"9\\\",\\n    \\\"name\\\": \\\"Beats Studio3 Wireless\\\",\\n    \\\"data\\\": {\\n      \\\"Color\\\": \\\"Red\\\",\\n      \\\"Description\\\": \\\"High-performance wireless noise cancelling headphones\\\"\\n    }\\n  },\\n  {\\n    \\\"id\\\": \\\"10\\\",\\n    \\\"name\\\": \\\"Apple iPad Mini 5th Gen\\\",\\n    \\\"data\\\": {\\n      \\\"Capacity\\\": \\\"64 GB\\\",\\n      \\\"Screen size\\\": 7.9\\n    }\\n  },\\n  {\\n    \\\"id\\\": \\\"11\\\",\\n    \\\"name\\\": \\\"Apple iPad Mini 5th Gen\\\",\\n    \\\"data\\\": {\\n      \\\"Capacity\\\": \\\"254 GB\\\",\\n      \\\"Screen size\\\": 7.9\\n    }\\n  },\\n  {\\n    \\\"id\\\": \\\"12\\\",\\n    \\\"name\\\": \\\"Apple iPad Air\\\",\\n    \\\"data\\\": {\\n      \\\"Generation\\\": \\\"4th\\\",\\n      \\\"Price\\\": \\\"419.99\\\",\\n      \\\"Capacity\\\": \\\"64 GB\\\"\\n    }\\n  },\\n  {\\n    \\\"id\\\": \\\"13\\\",\\n    \\\"name\\\": \\\"Apple iPad Air\\\",\\n    \\\"data\\\": {\\n      \\\"Generation\\\": \\\"4th\\\",\\n      \\\"Price\\\": \\\"519.99\\\",\\n      \\\"Capacity\\\": \\\"256 GB\\\"\\n    }\\n  }\\n] \\n\\nResponse Time: 339 milliseconds\"\n  },\n  {\n    \"title\": \"GET API Comparison\",\n    \"value\": \"┌─────────────┬─────────────────────────┬─────────────────────────┐\\n│ Parameters  │ Actual                  │ Expected                │\\n├─────────────┼─────────────────────────┼─────────────────────────┤\\n│ name        │ Apple iPhone 12 Pro Max │ Apple iPhone 12 Pro Max │\\n├─────────────┼─────────────────────────┼─────────────────────────┤\\n│ capacity GB │ 512                     │ 512                     │\\n└─────────────┴─────────────────────────┴─────────────────────────┘\"\n  }\n]",
              "code": "var context = this;\n    try {\n      var promise = fn.call(context);\n      if (promise != null && promise.then != null && promise.catch != null) {\n        return promise.catch(function(err) {\n          markRemainingTestsAndSubSuitesAsPending(context.test);\n          throw err;\n        });\n      } else {\n        return promise;\n      }\n    } catch (ex) {\n      markRemainingTestsAndSubSuitesAsPending(context.test);\n      throw ex;\n    }",
              "err": {},
              "uuid": "22377a2e-01cb-4718-8c4c-012ca30104d3",
              "parentUUID": "a5fda220-3984-4156-917b-4701b4c581f9",
              "isHook": false,
              "skipped": false
            }
          ],
          "suites": [],
          "passes": [
            "1fda0d61-235e-445d-80d1-a8fbffc582cf",
            "b3ac6860-2d37-4207-bfca-de4c5430c408",
            "270e35d8-125c-4e38-a55b-a280b2f486ce",
            "22377a2e-01cb-4718-8c4c-012ca30104d3"
          ],
          "failures": [],
          "pending": [],
          "skipped": [],
          "duration": 1335,
          "root": false,
          "rootEmpty": false,
          "_timeout": 2000
        },
        {
          "uuid": "865803d1-4611-4948-a810-fb1f523a6588",
          "title": "POST API CALL",
          "fullFile": "D:\\szubair\\BitBucket_Projects\\MOCHA_REST_API_TESTING\\test\\regression\\post_request.test.ts",
          "file": "\\test\\regression\\post_request.test.ts",
          "beforeHooks": [],
          "afterHooks": [],
          "tests": [
            {
              "title": "Adding a user @postRequests",
              "fullTitle": "POST API CALL Adding a user @postRequests",
              "timedOut": false,
              "duration": 340,
              "state": "passed",
              "speed": "slow",
              "pass": true,
              "fail": false,
              "pending": false,
              "context": "{\n  \"title\": \"2025-09-06 15:40:45.496  ==>>  Endpoint: https://api.restful-api.dev/objects\",\n  \"value\": \"Headers: undefined\\n\\nRequest body: {\\n  \\\"name\\\": \\\"Apple MacBook Pro 16\\\",\\n  \\\"data\\\": {\\n    \\\"year\\\": 2019,\\n    \\\"price\\\": 1849.99,\\n    \\\"CPU model\\\": \\\"Intel Core i9\\\",\\n    \\\"Hard disk size\\\": \\\"1 TB\\\"\\n  }\\n}\\n\\nResponse: {\\n  \\\"id\\\": \\\"ff8081819782e69e019920f97dd76133\\\",\\n  \\\"name\\\": \\\"Apple MacBook Pro 16\\\",\\n  \\\"createdAt\\\": \\\"2025-09-06T21:40:45.655+00:00\\\",\\n  \\\"data\\\": {\\n    \\\"year\\\": 2019,\\n    \\\"price\\\": 1849.99,\\n    \\\"CPU model\\\": \\\"Intel Core i9\\\",\\n    \\\"Hard disk size\\\": \\\"1 TB\\\"\\n  }\\n} \\n\\nResponse Time: 334 milliseconds\"\n}",
              "code": "var context = this;\n    try {\n      var promise = fn.call(context);\n      if (promise != null && promise.then != null && promise.catch != null) {\n        return promise.catch(function(err) {\n          markRemainingTestsAndSubSuitesAsPending(context.test);\n          throw err;\n        });\n      } else {\n        return promise;\n      }\n    } catch (ex) {\n      markRemainingTestsAndSubSuitesAsPending(context.test);\n      throw ex;\n    }",
              "err": {},
              "uuid": "88cb5a17-1ea4-471e-a67f-19d5842437bd",
              "parentUUID": "865803d1-4611-4948-a810-fb1f523a6588",
              "isHook": false,
              "skipped": false
            }
          ],
          "suites": [],
          "passes": [
            "88cb5a17-1ea4-471e-a67f-19d5842437bd"
          ],
          "failures": [],
          "pending": [],
          "skipped": [],
          "duration": 340,
          "root": false,
          "rootEmpty": false,
          "_timeout": 2000
        },
        {
          "uuid": "3e8ff2f7-c80d-49ed-98ac-654e644f172b",
          "title": "PUT API CALL",
          "fullFile": "D:\\szubair\\BitBucket_Projects\\MOCHA_REST_API_TESTING\\test\\regression\\put_request.test.ts",
          "file": "\\test\\regression\\put_request.test.ts",
          "beforeHooks": [],
          "afterHooks": [],
          "tests": [
            {
              "title": "Update a user @putRequests",
              "fullTitle": "PUT API CALL Update a user @putRequests",
              "timedOut": false,
              "duration": 335,
              "state": "failed",
              "speed": null,
              "pass": false,
              "fail": true,
              "pending": false,
              "context": null,
              "code": "var context = this;\n    try {\n      var promise = fn.call(context);\n      if (promise != null && promise.then != null && promise.catch != null) {\n        return promise.catch(function(err) {\n          markRemainingTestsAndSubSuitesAsPending(context.test);\n          throw err;\n        });\n      } else {\n        return promise;\n      }\n    } catch (ex) {\n      markRemainingTestsAndSubSuitesAsPending(context.test);\n      throw ex;\n    }",
              "err": {
                "message": "Error: HTTP error! Status: 405",
                "estack": "Error: HTTP error! Status: 405\n    at putApi (src\\helpers\\rest_api_helpers.ts:149:11)\n    at processTicksAndRejections (node:internal/process/task_queues:105:5)\n    at async Context.<anonymous> (test\\regression\\put_request.test.ts:24:22)",
                "diff": null
              },
              "uuid": "54e81f05-09d9-4897-9d2e-97fd9410767b",
              "parentUUID": "3e8ff2f7-c80d-49ed-98ac-654e644f172b",
              "isHook": false,
              "skipped": false
            }
          ],
          "suites": [],
          "passes": [],
          "failures": [
            "54e81f05-09d9-4897-9d2e-97fd9410767b"
          ],
          "pending": [],
          "skipped": [],
          "duration": 335,
          "root": false,
          "rootEmpty": false,
          "_timeout": 2000
        },
        {
          "uuid": "04448118-dbac-4be7-9558-c55ce27b68ff",
          "title": "Smoke tests",
          "fullFile": "D:\\szubair\\BitBucket_Projects\\MOCHA_REST_API_TESTING\\test\\smoke\\smoke_tests.test.ts",
          "file": "\\test\\smoke\\smoke_tests.test.ts",
          "beforeHooks": [],
          "afterHooks": [],
          "tests": [
            {
              "title": "Single user not found @smoke",
              "fullTitle": "Smoke tests Single user not found @smoke",
              "timedOut": false,
              "duration": 321,
              "state": "passed",
              "speed": "slow",
              "pass": true,
              "fail": false,
              "pending": false,
              "context": "{\n  \"title\": \"2025-09-06 15:40:46.178  ==>>  Endpoint: https://api.restful-api.dev/objects/23\",\n  \"value\": \"Headers: undefined\\n\\nRequest body: undefined\\n\\nResponse: {\\n  \\\"error\\\": \\\"Oject with id=23 was not found.\\\"\\n} \\n\\nResponse Time: 318 milliseconds\"\n}",
              "code": "var context = this;\n    try {\n      var promise = fn.call(context);\n      if (promise != null && promise.then != null && promise.catch != null) {\n        return promise.catch(function(err) {\n          markRemainingTestsAndSubSuitesAsPending(context.test);\n          throw err;\n        });\n      } else {\n        return promise;\n      }\n    } catch (ex) {\n      markRemainingTestsAndSubSuitesAsPending(context.test);\n      throw ex;\n    }",
              "err": {},
              "uuid": "15184ef5-7f27-4d15-b232-964777d2509d",
              "parentUUID": "04448118-dbac-4be7-9558-c55ce27b68ff",
              "isHook": false,
              "skipped": false
            }
          ],
          "suites": [],
          "passes": [
            "15184ef5-7f27-4d15-b232-964777d2509d"
          ],
          "failures": [],
          "pending": [],
          "skipped": [],
          "duration": 321,
          "root": false,
          "rootEmpty": false,
          "_timeout": 2000
        }
      ],
      "passes": [],
      "failures": [],
      "pending": [],
      "skipped": [],
      "duration": 0,
      "root": true,
      "rootEmpty": true,
      "_timeout": 2000
    }
  ],
  "meta": {
    "mocha": {
      "version": "11.1.0"
    },
    "mochawesome": {
      "options": {
        "quiet": false,
        "reportFilename": "mochawesome",
        "saveHtml": true,
        "saveJson": true,
        "consoleReporter": "spec",
        "useInlineDiffs": false,
        "code": true
      },
      "version": "7.1.3"
    },
    "marge": {
      "options": {
        "[object Object]": true
      },
      "version": "6.2.0"
    }
  }
}