{
  "stats": {
    "suites": 1,
    "tests": 3,
    "passes": 2,
    "pending": 0,
    "failures": 1,
    "start": "2025-09-04T22:21:33.331Z",
    "end": "2025-09-04T22:23:10.441Z",
    "duration": 97110,
    "testsRegistered": 11,
    "passPercent": 18.181818181818183,
    "pendingPercent": 0,
    "other": 0,
    "hasOther": false,
    "skipped": 8,
    "hasSkipped": true
  },
  "results": [
    {
      "uuid": "b9dca040-7cd3-4184-8647-4995c1583683",
      "title": "",
      "fullFile": "",
      "file": "",
      "beforeHooks": [],
      "afterHooks": [],
      "tests": [],
      "suites": [
        {
          "uuid": "90c86f5d-e402-4c60-adc2-6f13585f10ee",
          "title": "Build tests",
          "fullFile": "D:\\szubair\\BitBucket_Projects\\MOCHA_REST_API_TESTING\\test\\build\\build_tests.test.ts",
          "file": "\\test\\build\\build_tests.test.ts",
          "beforeHooks": [],
          "afterHooks": [],
          "tests": [
            {
              "title": "Validate GET request working fine @build",
              "fullTitle": "Build tests Validate GET request working fine @build",
              "timedOut": false,
              "duration": 800,
              "state": "passed",
              "speed": "slow",
              "pass": true,
              "fail": false,
              "pending": false,
              "context": "{\n  \"title\": \"2025-09-04 16:21:33.344  ==>>  Endpoint: https://api.restful-api.dev/objects\",\n  \"value\": \"Headers: undefined\\n\\nRequest body: undefined\\n\\nResponse: [\\n  {\\n    \\\"id\\\": \\\"1\\\",\\n    \\\"name\\\": \\\"Google Pixel 6 Pro\\\",\\n    \\\"data\\\": {\\n      \\\"color\\\": \\\"Cloudy White\\\",\\n      \\\"capacity\\\": \\\"128 GB\\\"\\n    }\\n  },\\n  {\\n    \\\"id\\\": \\\"2\\\",\\n    \\\"name\\\": \\\"Apple iPhone 12 Mini, 256GB, Blue\\\",\\n    \\\"data\\\": null\\n  },\\n  {\\n    \\\"id\\\": \\\"3\\\",\\n    \\\"name\\\": \\\"Apple iPhone 12 Pro Max\\\",\\n    \\\"data\\\": {\\n      \\\"color\\\": \\\"Cloudy White\\\",\\n      \\\"capacity GB\\\": 512\\n    }\\n  },\\n  {\\n    \\\"id\\\": \\\"4\\\",\\n    \\\"name\\\": \\\"Apple iPhone 11, 64GB\\\",\\n    \\\"data\\\": {\\n      \\\"price\\\": 389.99,\\n      \\\"color\\\": \\\"Purple\\\"\\n    }\\n  },\\n  {\\n    \\\"id\\\": \\\"5\\\",\\n    \\\"name\\\": \\\"Samsung Galaxy Z Fold2\\\",\\n    \\\"data\\\": {\\n      \\\"price\\\": 689.99,\\n      \\\"color\\\": \\\"Brown\\\"\\n    }\\n  },\\n  {\\n    \\\"id\\\": \\\"6\\\",\\n    \\\"name\\\": \\\"Apple AirPods\\\",\\n    \\\"data\\\": {\\n      \\\"generation\\\": \\\"3rd\\\",\\n      \\\"price\\\": 120\\n    }\\n  },\\n  {\\n    \\\"id\\\": \\\"7\\\",\\n    \\\"name\\\": \\\"Apple MacBook Pro 16\\\",\\n    \\\"data\\\": {\\n      \\\"year\\\": 2019,\\n      \\\"price\\\": 1849.99,\\n      \\\"CPU model\\\": \\\"Intel Core i9\\\",\\n      \\\"Hard disk size\\\": \\\"1 TB\\\"\\n    }\\n  },\\n  {\\n    \\\"id\\\": \\\"8\\\",\\n    \\\"name\\\": \\\"Apple Watch Series 8\\\",\\n    \\\"data\\\": {\\n      \\\"Strap Colour\\\": \\\"Elderberry\\\",\\n      \\\"Case Size\\\": \\\"41mm\\\"\\n    }\\n  },\\n  {\\n    \\\"id\\\": \\\"9\\\",\\n    \\\"name\\\": \\\"Beats Studio3 Wireless\\\",\\n    \\\"data\\\": {\\n      \\\"Color\\\": \\\"Red\\\",\\n      \\\"Description\\\": \\\"High-performance wireless noise cancelling headphones\\\"\\n    }\\n  },\\n  {\\n    \\\"id\\\": \\\"10\\\",\\n    \\\"name\\\": \\\"Apple iPad Mini 5th Gen\\\",\\n    \\\"data\\\": {\\n      \\\"Capacity\\\": \\\"64 GB\\\",\\n      \\\"Screen size\\\": 7.9\\n    }\\n  },\\n  {\\n    \\\"id\\\": \\\"11\\\",\\n    \\\"name\\\": \\\"Apple iPad Mini 5th Gen\\\",\\n    \\\"data\\\": {\\n      \\\"Capacity\\\": \\\"254 GB\\\",\\n      \\\"Screen size\\\": 7.9\\n    }\\n  },\\n  {\\n    \\\"id\\\": \\\"12\\\",\\n    \\\"name\\\": \\\"Apple iPad Air\\\",\\n    \\\"data\\\": {\\n      \\\"Generation\\\": \\\"4th\\\",\\n      \\\"Price\\\": \\\"419.99\\\",\\n      \\\"Capacity\\\": \\\"64 GB\\\"\\n    }\\n  },\\n  {\\n    \\\"id\\\": \\\"13\\\",\\n    \\\"name\\\": \\\"Apple iPad Air\\\",\\n    \\\"data\\\": {\\n      \\\"Generation\\\": \\\"4th\\\",\\n      \\\"Price\\\": \\\"519.99\\\",\\n      \\\"Capacity\\\": \\\"256 GB\\\"\\n    }\\n  }\\n] \\n\\nResponse Time: 784 milliseconds\"\n}",
              "code": "var context = this;\n    try {\n      var promise = fn.call(context);\n      if (promise != null && promise.then != null && promise.catch != null) {\n        return promise.catch(function(err) {\n          markRemainingTestsAndSubSuitesAsPending(context.test);\n          throw err;\n        });\n      } else {\n        return promise;\n      }\n    } catch (ex) {\n      markRemainingTestsAndSubSuitesAsPending(context.test);\n      throw ex;\n    }",
              "err": {},
              "uuid": "ea9bef73-0533-4c73-854b-9099ed62bb25",
              "parentUUID": "90c86f5d-e402-4c60-adc2-6f13585f10ee",
              "isHook": false,
              "skipped": false
            },
            {
              "title": "Validate POST request working fine @build",
              "fullTitle": "Build tests Validate POST request working fine @build",
              "timedOut": false,
              "duration": 392,
              "state": "passed",
              "speed": "slow",
              "pass": true,
              "fail": false,
              "pending": false,
              "context": "{\n  \"title\": \"2025-09-04 16:21:34.147  ==>>  Endpoint: https://api.restful-api.dev/objects\",\n  \"value\": \"Headers: undefined\\n\\nRequest body: {\\n  \\\"name\\\": \\\"Apple MacBook Pro 16\\\",\\n  \\\"data\\\": {\\n    \\\"year\\\": 2019,\\n    \\\"price\\\": 1849.99,\\n    \\\"CPU model\\\": \\\"Intel Core i9\\\",\\n    \\\"Hard disk size\\\": \\\"1 TB\\\"\\n  }\\n}\\n\\nResponse: {\\n  \\\"id\\\": \\\"ff8081819782e69e019916d1ccf442e7\\\",\\n  \\\"name\\\": \\\"Apple MacBook Pro 16\\\",\\n  \\\"createdAt\\\": \\\"2025-09-04T22:21:12.309+00:00\\\",\\n  \\\"data\\\": {\\n    \\\"year\\\": 2019,\\n    \\\"price\\\": 1849.99,\\n    \\\"CPU model\\\": \\\"Intel Core i9\\\",\\n    \\\"Hard disk size\\\": \\\"1 TB\\\"\\n  }\\n} \\n\\nResponse Time: 379 milliseconds\"\n}",
              "code": "var context = this;\n    try {\n      var promise = fn.call(context);\n      if (promise != null && promise.then != null && promise.catch != null) {\n        return promise.catch(function(err) {\n          markRemainingTestsAndSubSuitesAsPending(context.test);\n          throw err;\n        });\n      } else {\n        return promise;\n      }\n    } catch (ex) {\n      markRemainingTestsAndSubSuitesAsPending(context.test);\n      throw ex;\n    }",
              "err": {},
              "uuid": "a650bbad-513e-4364-b2f8-869cbe5172d8",
              "parentUUID": "90c86f5d-e402-4c60-adc2-6f13585f10ee",
              "isHook": false,
              "skipped": false
            },
            {
              "title": "Validate PUT request working fine @build",
              "fullTitle": "Build tests Validate PUT request working fine @build",
              "timedOut": false,
              "duration": 95791,
              "state": "failed",
              "speed": null,
              "pass": false,
              "fail": true,
              "pending": false,
              "context": null,
              "code": "var context = this;\n    try {\n      var promise = fn.call(context);\n      if (promise != null && promise.then != null && promise.catch != null) {\n        return promise.catch(function(err) {\n          markRemainingTestsAndSubSuitesAsPending(context.test);\n          throw err;\n        });\n      } else {\n        return promise;\n      }\n    } catch (ex) {\n      markRemainingTestsAndSubSuitesAsPending(context.test);\n      throw ex;\n    }",
              "err": {
                "message": "Error: HTTP error! Status: 405",
                "estack": "Error: HTTP error! Status: 405\n    at putApi (src\\helpers\\rest_api_helpers.ts:149:11)\n    at processTicksAndRejections (node:internal/process/task_queues:105:5)\n    at async Context.<anonymous> (test\\build\\build_tests.test.ts:66:22)",
                "diff": null
              },
              "uuid": "31b51b97-a001-4583-8412-8bcef93a1938",
              "parentUUID": "90c86f5d-e402-4c60-adc2-6f13585f10ee",
              "isHook": false,
              "skipped": false
            }
          ],
          "suites": [],
          "passes": [
            "ea9bef73-0533-4c73-854b-9099ed62bb25",
            "a650bbad-513e-4364-b2f8-869cbe5172d8"
          ],
          "failures": [
            "31b51b97-a001-4583-8412-8bcef93a1938"
          ],
          "pending": [],
          "skipped": [],
          "duration": 96983,
          "root": false,
          "rootEmpty": false,
          "_timeout": 2000
        },
        {
          "uuid": "7f5b2902-4137-4b7e-be1e-b035221ade6e",
          "title": "@addition GET API REQUEST",
          "fullFile": "D:\\szubair\\BitBucket_Projects\\MOCHA_REST_API_TESTING\\test\\regression\\get_request.test.ts",
          "file": "\\test\\regression\\get_request.test.ts",
          "beforeHooks": [],
          "afterHooks": [],
          "tests": [
            {
              "title": "Get the list of all the users @regression",
              "fullTitle": "@addition GET API REQUEST Get the list of all the users @regression",
              "timedOut": false,
              "duration": 0,
              "state": null,
              "speed": null,
              "pass": false,
              "fail": false,
              "pending": false,
              "context": null,
              "code": "var context = this;\n    try {\n      var promise = fn.call(context);\n      if (promise != null && promise.then != null && promise.catch != null) {\n        return promise.catch(function(err) {\n          markRemainingTestsAndSubSuitesAsPending(context.test);\n          throw err;\n        });\n      } else {\n        return promise;\n      }\n    } catch (ex) {\n      markRemainingTestsAndSubSuitesAsPending(context.test);\n      throw ex;\n    }",
              "err": {},
              "uuid": "a72b868b-2645-4db5-9409-56c953608947",
              "parentUUID": null,
              "isHook": false,
              "skipped": true
            },
            {
              "title": "Get a single user details @regression",
              "fullTitle": "@addition GET API REQUEST Get a single user details @regression",
              "timedOut": false,
              "duration": 0,
              "state": null,
              "speed": null,
              "pass": false,
              "fail": false,
              "pending": false,
              "context": null,
              "code": "var context = this;\n    try {\n      var promise = fn.call(context);\n      if (promise != null && promise.then != null && promise.catch != null) {\n        return promise.catch(function(err) {\n          markRemainingTestsAndSubSuitesAsPending(context.test);\n          throw err;\n        });\n      } else {\n        return promise;\n      }\n    } catch (ex) {\n      markRemainingTestsAndSubSuitesAsPending(context.test);\n      throw ex;\n    }",
              "err": {},
              "uuid": "a855e43b-9535-474d-a4bb-d520b1b4bece",
              "parentUUID": null,
              "isHook": false,
              "skipped": true
            },
            {
              "title": "Single user not found @regression",
              "fullTitle": "@addition GET API REQUEST Single user not found @regression",
              "timedOut": false,
              "duration": 0,
              "state": null,
              "speed": null,
              "pass": false,
              "fail": false,
              "pending": false,
              "context": null,
              "code": "var context = this;\n    try {\n      var promise = fn.call(context);\n      if (promise != null && promise.then != null && promise.catch != null) {\n        return promise.catch(function(err) {\n          markRemainingTestsAndSubSuitesAsPending(context.test);\n          throw err;\n        });\n      } else {\n        return promise;\n      }\n    } catch (ex) {\n      markRemainingTestsAndSubSuitesAsPending(context.test);\n      throw ex;\n    }",
              "err": {},
              "uuid": "931050b6-f970-4592-b3d7-5fb8b57e19ce",
              "parentUUID": null,
              "isHook": false,
              "skipped": true
            },
            {
              "title": "Test to show how to find a json object based on key @regression",
              "fullTitle": "@addition GET API REQUEST Test to show how to find a json object based on key @regression",
              "timedOut": false,
              "duration": 0,
              "state": null,
              "speed": null,
              "pass": false,
              "fail": false,
              "pending": false,
              "context": null,
              "code": "var context = this;\n    try {\n      var promise = fn.call(context);\n      if (promise != null && promise.then != null && promise.catch != null) {\n        return promise.catch(function(err) {\n          markRemainingTestsAndSubSuitesAsPending(context.test);\n          throw err;\n        });\n      } else {\n        return promise;\n      }\n    } catch (ex) {\n      markRemainingTestsAndSubSuitesAsPending(context.test);\n      throw ex;\n    }",
              "err": {},
              "uuid": "60997538-1494-463e-ac1d-fca6af16f55f",
              "parentUUID": null,
              "isHook": false,
              "skipped": true
            },
            {
              "title": "Test to show how to filter the array containing json objects @regression",
              "fullTitle": "@addition GET API REQUEST Test to show how to filter the array containing json objects @regression",
              "timedOut": false,
              "duration": 0,
              "state": null,
              "speed": null,
              "pass": false,
              "fail": false,
              "pending": false,
              "context": null,
              "code": "var context = this;\n    try {\n      var promise = fn.call(context);\n      if (promise != null && promise.then != null && promise.catch != null) {\n        return promise.catch(function(err) {\n          markRemainingTestsAndSubSuitesAsPending(context.test);\n          throw err;\n        });\n      } else {\n        return promise;\n      }\n    } catch (ex) {\n      markRemainingTestsAndSubSuitesAsPending(context.test);\n      throw ex;\n    }",
              "err": {},
              "uuid": "bf19663e-cb32-42d8-bc59-345ebc659c98",
              "parentUUID": null,
              "isHook": false,
              "skipped": true
            }
          ],
          "suites": [],
          "passes": [],
          "failures": [],
          "pending": [],
          "skipped": [
            "a72b868b-2645-4db5-9409-56c953608947",
            "a855e43b-9535-474d-a4bb-d520b1b4bece",
            "931050b6-f970-4592-b3d7-5fb8b57e19ce",
            "60997538-1494-463e-ac1d-fca6af16f55f",
            "bf19663e-cb32-42d8-bc59-345ebc659c98"
          ],
          "duration": 0,
          "root": false,
          "rootEmpty": false,
          "_timeout": 2000
        },
        {
          "uuid": "c057c514-cba9-4b45-882d-8b02d31151e5",
          "title": "POST API CALL",
          "fullFile": "D:\\szubair\\BitBucket_Projects\\MOCHA_REST_API_TESTING\\test\\regression\\post_request.test.ts",
          "file": "\\test\\regression\\post_request.test.ts",
          "beforeHooks": [],
          "afterHooks": [],
          "tests": [
            {
              "title": "Create a user using POST request",
              "fullTitle": "POST API CALL Create a user using POST request",
              "timedOut": false,
              "duration": 0,
              "state": null,
              "speed": null,
              "pass": false,
              "fail": false,
              "pending": false,
              "context": null,
              "code": "var context = this;\n    try {\n      var promise = fn.call(context);\n      if (promise != null && promise.then != null && promise.catch != null) {\n        return promise.catch(function(err) {\n          markRemainingTestsAndSubSuitesAsPending(context.test);\n          throw err;\n        });\n      } else {\n        return promise;\n      }\n    } catch (ex) {\n      markRemainingTestsAndSubSuitesAsPending(context.test);\n      throw ex;\n    }",
              "err": {},
              "uuid": "5f7b1074-2565-4424-befe-84ee0a7419d1",
              "parentUUID": null,
              "isHook": false,
              "skipped": true
            }
          ],
          "suites": [],
          "passes": [],
          "failures": [],
          "pending": [],
          "skipped": [
            "5f7b1074-2565-4424-befe-84ee0a7419d1"
          ],
          "duration": 0,
          "root": false,
          "rootEmpty": false,
          "_timeout": 2000
        },
        {
          "uuid": "ec87de2f-f6c6-4166-b8ff-36daba91d51f",
          "title": "PUT API CALL",
          "fullFile": "D:\\szubair\\BitBucket_Projects\\MOCHA_REST_API_TESTING\\test\\regression\\put_request.test.ts",
          "file": "\\test\\regression\\put_request.test.ts",
          "beforeHooks": [],
          "afterHooks": [],
          "tests": [
            {
              "title": "Update a user @demo",
              "fullTitle": "PUT API CALL Update a user @demo",
              "timedOut": false,
              "duration": 0,
              "state": null,
              "speed": null,
              "pass": false,
              "fail": false,
              "pending": false,
              "context": null,
              "code": "var context = this;\n    try {\n      var promise = fn.call(context);\n      if (promise != null && promise.then != null && promise.catch != null) {\n        return promise.catch(function(err) {\n          markRemainingTestsAndSubSuitesAsPending(context.test);\n          throw err;\n        });\n      } else {\n        return promise;\n      }\n    } catch (ex) {\n      markRemainingTestsAndSubSuitesAsPending(context.test);\n      throw ex;\n    }",
              "err": {},
              "uuid": "77c1290e-59ae-4a0b-aa13-f23ec588d7fa",
              "parentUUID": null,
              "isHook": false,
              "skipped": true
            }
          ],
          "suites": [],
          "passes": [],
          "failures": [],
          "pending": [],
          "skipped": [
            "77c1290e-59ae-4a0b-aa13-f23ec588d7fa"
          ],
          "duration": 0,
          "root": false,
          "rootEmpty": false,
          "_timeout": 2000
        },
        {
          "uuid": "1f460c24-455a-4be9-bdb7-dbd589d4dbf1",
          "title": "Smoke tests",
          "fullFile": "D:\\szubair\\BitBucket_Projects\\MOCHA_REST_API_TESTING\\test\\smoke\\smoke_tests.test.ts",
          "file": "\\test\\smoke\\smoke_tests.test.ts",
          "beforeHooks": [],
          "afterHooks": [],
          "tests": [
            {
              "title": "Get a single user details @smoke",
              "fullTitle": "Smoke tests Get a single user details @smoke",
              "timedOut": false,
              "duration": 0,
              "state": null,
              "speed": null,
              "pass": false,
              "fail": false,
              "pending": false,
              "context": null,
              "code": "var context = this;\n    try {\n      var promise = fn.call(context);\n      if (promise != null && promise.then != null && promise.catch != null) {\n        return promise.catch(function(err) {\n          markRemainingTestsAndSubSuitesAsPending(context.test);\n          throw err;\n        });\n      } else {\n        return promise;\n      }\n    } catch (ex) {\n      markRemainingTestsAndSubSuitesAsPending(context.test);\n      throw ex;\n    }",
              "err": {},
              "uuid": "c7169161-cf10-41e5-b011-d773a871c2ef",
              "parentUUID": null,
              "isHook": false,
              "skipped": true
            }
          ],
          "suites": [],
          "passes": [],
          "failures": [],
          "pending": [],
          "skipped": [
            "c7169161-cf10-41e5-b011-d773a871c2ef"
          ],
          "duration": 0,
          "root": false,
          "rootEmpty": false,
          "_timeout": 2000
        }
      ],
      "passes": [],
      "failures": [],
      "pending": [],
      "skipped": [],
      "duration": 0,
      "root": true,
      "rootEmpty": true,
      "_timeout": 2000
    }
  ],
  "meta": {
    "mocha": {
      "version": "11.1.0"
    },
    "mochawesome": {
      "options": {
        "quiet": false,
        "reportFilename": "mochawesome",
        "saveHtml": true,
        "saveJson": true,
        "consoleReporter": "spec",
        "useInlineDiffs": false,
        "code": true
      },
      "version": "7.1.3"
    },
    "marge": {
      "options": {
        "[object Object]": true
      },
      "version": "6.2.0"
    }
  }
}