{
  "stats": {
    "suites": 1,
    "tests": 3,
    "passes": 3,
    "pending": 0,
    "failures": 0,
    "start": "2025-02-11T03:19:42.680Z",
    "end": "2025-02-11T03:19:43.450Z",
    "duration": 770,
    "testsRegistered": 3,
    "passPercent": 100,
    "pendingPercent": 0,
    "other": 0,
    "hasOther": false,
    "skipped": 0,
    "hasSkipped": false
  },
  "results": [
    {
      "uuid": "190b53b7-5ff4-44ba-9774-2112a811a11a",
      "title": "",
      "fullFile": "D:\\szubair\\Projects\\Automation\\MOCHA_REST\\MOCHA_REST_API_TESTING\\test\\get_all_users.test.ts",
      "file": "\\test\\get_all_users.test.ts",
      "beforeHooks": [],
      "afterHooks": [],
      "tests": [],
      "suites": [
        {
          "uuid": "f4edd900-2119-40ac-a78d-d3c898634ae2",
          "title": "GET AOI REQUEST",
          "fullFile": "D:\\szubair\\Projects\\Automation\\MOCHA_REST\\MOCHA_REST_API_TESTING\\test\\get_all_users.test.ts",
          "file": "\\test\\get_all_users.test.ts",
          "beforeHooks": [],
          "afterHooks": [],
          "tests": [
            {
              "title": "Get the list of all the users",
              "fullTitle": "GET AOI REQUEST Get the list of all the users",
              "timedOut": false,
              "duration": 332,
              "state": "passed",
              "speed": "slow",
              "pass": true,
              "fail": false,
              "pending": false,
              "context": "[\n  {\n    \"title\": \"2025-02-10 21:19:42.691  ==>>  Endpoint: \",\n    \"value\": \"Headers: undefined\\n\\nRequest body: undefined\\n\\nResponse: {\\n  \\\"page\\\": 2,\\n  \\\"per_page\\\": 6,\\n  \\\"total\\\": 12,\\n  \\\"total_pages\\\": 2,\\n  \\\"data\\\": [\\n    {\\n      \\\"id\\\": 7,\\n      \\\"email\\\": \\\"michael.lawson@reqres.in\\\",\\n      \\\"first_name\\\": \\\"Michael\\\",\\n      \\\"last_name\\\": \\\"Lawson\\\",\\n      \\\"avatar\\\": \\\"https://reqres.in/img/faces/7-image.jpg\\\"\\n    },\\n    {\\n      \\\"id\\\": 8,\\n      \\\"email\\\": \\\"lindsay.ferguson@reqres.in\\\",\\n      \\\"first_name\\\": \\\"Lindsay\\\",\\n      \\\"last_name\\\": \\\"Ferguson\\\",\\n      \\\"avatar\\\": \\\"https://reqres.in/img/faces/8-image.jpg\\\"\\n    },\\n    {\\n      \\\"id\\\": 9,\\n      \\\"email\\\": \\\"tobias.funke@reqres.in\\\",\\n      \\\"first_name\\\": \\\"Tobias\\\",\\n      \\\"last_name\\\": \\\"Funke\\\",\\n      \\\"avatar\\\": \\\"https://reqres.in/img/faces/9-image.jpg\\\"\\n    },\\n    {\\n      \\\"id\\\": 10,\\n      \\\"email\\\": \\\"byron.fields@reqres.in\\\",\\n      \\\"first_name\\\": \\\"Byron\\\",\\n      \\\"last_name\\\": \\\"Fields\\\",\\n      \\\"avatar\\\": \\\"https://reqres.in/img/faces/10-image.jpg\\\"\\n    },\\n    {\\n      \\\"id\\\": 11,\\n      \\\"email\\\": \\\"george.edwards@reqres.in\\\",\\n      \\\"first_name\\\": \\\"George\\\",\\n      \\\"last_name\\\": \\\"Edwards\\\",\\n      \\\"avatar\\\": \\\"https://reqres.in/img/faces/11-image.jpg\\\"\\n    },\\n    {\\n      \\\"id\\\": 12,\\n      \\\"email\\\": \\\"rachel.howell@reqres.in\\\",\\n      \\\"first_name\\\": \\\"Rachel\\\",\\n      \\\"last_name\\\": \\\"Howell\\\",\\n      \\\"avatar\\\": \\\"https://reqres.in/img/faces/12-image.jpg\\\"\\n    }\\n  ],\\n  \\\"support\\\": {\\n    \\\"url\\\": \\\"https://contentcaddy.io?utm_source=reqres&utm_medium=json&utm_campaign=referral\\\",\\n    \\\"text\\\": \\\"Tired of writing endless social media content? Let Content Caddy generate it for you.\\\"\\n  }\\n} \\n\\nResponse Time: 317 milliseconds\"\n  },\n  {\n    \"title\": \"GET API Comparison\",\n    \"value\": \"┌────────────────────┬──────────┬────────────────────┐\\n│ Parameter          │ Actual   │ Expected           │\\n├────────────────────┼──────────┼────────────────────┤\\n│ page               │ 2        │ 2                  │\\n├────────────────────┼──────────┼────────────────────┤\\n│ per_page           │ 6        │ 6                  │\\n├────────────────────┼──────────┼────────────────────┤\\n│ total_pages        │ 2        │ 2                  │\\n├────────────────────┼──────────┼────────────────────┤\\n│ total              │ 12       │ 12                 │\\n└────────────────────┴──────────┴────────────────────┘\"\n  }\n]",
              "code": "var context = this;\n    try {\n      var promise = fn.call(context);\n      if (promise != null && promise.then != null && promise.catch != null) {\n        return promise.catch(function(err) {\n          markRemainingTestsAndSubSuitesAsPending(context.test);\n          throw err;\n        });\n      } else {\n        return promise;\n      }\n    } catch (ex) {\n      markRemainingTestsAndSubSuitesAsPending(context.test);\n      throw ex;\n    }",
              "err": {},
              "uuid": "4acee43f-4415-4bf6-9fc0-302e0027d3a6",
              "parentUUID": "f4edd900-2119-40ac-a78d-d3c898634ae2",
              "isHook": false,
              "skipped": false
            },
            {
              "title": "Get a single user details",
              "fullTitle": "GET AOI REQUEST Get a single user details",
              "timedOut": false,
              "duration": 67,
              "state": "passed",
              "speed": "medium",
              "pass": true,
              "fail": false,
              "pending": false,
              "context": "[\n  {\n    \"title\": \"2025-02-10 21:19:43.024  ==>>  Endpoint: \",\n    \"value\": \"Headers: undefined\\n\\nRequest body: undefined\\n\\nResponse: {\\n  \\\"data\\\": {\\n    \\\"id\\\": 2,\\n    \\\"email\\\": \\\"janet.weaver@reqres.in\\\",\\n    \\\"first_name\\\": \\\"Janet\\\",\\n    \\\"last_name\\\": \\\"Weaver\\\",\\n    \\\"avatar\\\": \\\"https://reqres.in/img/faces/2-image.jpg\\\"\\n  },\\n  \\\"support\\\": {\\n    \\\"url\\\": \\\"https://contentcaddy.io?utm_source=reqres&utm_medium=json&utm_campaign=referral\\\",\\n    \\\"text\\\": \\\"Tired of writing endless social media content? Let Content Caddy generate it for you.\\\"\\n  }\\n} \\n\\nResponse Time: 65 milliseconds\"\n  },\n  {\n    \"title\": \"GET API Comparison\",\n    \"value\": \"┌────────────────────┬──────────┬────────────────────┐\\n│ Parameters         │ Actual   │ Expected           │\\n├────────────────────┼──────────┼────────────────────┤\\n│ email              │ 2        │ 2                  │\\n├────────────────────┼──────────┼────────────────────┤\\n│ fisrt_name         │ Janet    │ Janet              │\\n├────────────────────┼──────────┼────────────────────┤\\n│ last_name          │ Weaver   │ Weaver             │\\n└────────────────────┴──────────┴────────────────────┘\"\n  }\n]",
              "code": "var context = this;\n    try {\n      var promise = fn.call(context);\n      if (promise != null && promise.then != null && promise.catch != null) {\n        return promise.catch(function(err) {\n          markRemainingTestsAndSubSuitesAsPending(context.test);\n          throw err;\n        });\n      } else {\n        return promise;\n      }\n    } catch (ex) {\n      markRemainingTestsAndSubSuitesAsPending(context.test);\n      throw ex;\n    }",
              "err": {},
              "uuid": "e46bbdd8-94a6-4b67-bb17-8456ec09c905",
              "parentUUID": "f4edd900-2119-40ac-a78d-d3c898634ae2",
              "isHook": false,
              "skipped": false
            },
            {
              "title": "Get a single user details",
              "fullTitle": "GET AOI REQUEST Get a single user details",
              "timedOut": false,
              "duration": 354,
              "state": "passed",
              "speed": "slow",
              "pass": true,
              "fail": false,
              "pending": false,
              "context": "[\n  {\n    \"title\": \"2025-02-10 21:19:43.092  ==>>  Endpoint: https://reqres.in/api/users\",\n    \"value\": \"Headers: undefined\\n\\nRequest body: {\\n  \\\"name\\\": \\\"syed\\\",\\n  \\\"job\\\": \\\"lead\\\"\\n}\\n\\nResponse: {\\n  \\\"name\\\": \\\"syed\\\",\\n  \\\"job\\\": \\\"lead\\\",\\n  \\\"id\\\": \\\"374\\\",\\n  \\\"createdAt\\\": \\\"2025-02-11T03:19:43.559Z\\\"\\n} \\n\\nResponse Time: 350 milliseconds\"\n  },\n  {\n    \"title\": \"POST API Comparison\",\n    \"value\": \"┌────────────────────┬──────────┬────────────────────┐\\n│ Parameters         │ Actual   │ Expected           │\\n├────────────────────┼──────────┼────────────────────┤\\n│ name               │ syed     │ syed               │\\n├────────────────────┼──────────┼────────────────────┤\\n│ job                │ lead     │ lead               │\\n└────────────────────┴──────────┴────────────────────┘\"\n  }\n]",
              "code": "var context = this;\n    try {\n      var promise = fn.call(context);\n      if (promise != null && promise.then != null && promise.catch != null) {\n        return promise.catch(function(err) {\n          markRemainingTestsAndSubSuitesAsPending(context.test);\n          throw err;\n        });\n      } else {\n        return promise;\n      }\n    } catch (ex) {\n      markRemainingTestsAndSubSuitesAsPending(context.test);\n      throw ex;\n    }",
              "err": {},
              "uuid": "9d29e64e-705e-4ea8-861d-36a2a948de84",
              "parentUUID": "f4edd900-2119-40ac-a78d-d3c898634ae2",
              "isHook": false,
              "skipped": false
            }
          ],
          "suites": [],
          "passes": [
            "4acee43f-4415-4bf6-9fc0-302e0027d3a6",
            "e46bbdd8-94a6-4b67-bb17-8456ec09c905",
            "9d29e64e-705e-4ea8-861d-36a2a948de84"
          ],
          "failures": [],
          "pending": [],
          "skipped": [],
          "duration": 753,
          "root": false,
          "rootEmpty": false,
          "_timeout": 2000
        }
      ],
      "passes": [],
      "failures": [],
      "pending": [],
      "skipped": [],
      "duration": 0,
      "root": true,
      "rootEmpty": true,
      "_timeout": 2000
    }
  ],
  "meta": {
    "mocha": {
      "version": "11.1.0"
    },
    "mochawesome": {
      "options": {
        "quiet": false,
        "reportFilename": "mochawesome",
        "saveHtml": true,
        "saveJson": true,
        "consoleReporter": "spec",
        "useInlineDiffs": false,
        "code": true
      },
      "version": "7.1.3"
    },
    "marge": {
      "options": {
        "[object Object]": true
      },
      "version": "6.2.0"
    }
  }
}